TN:
SF:packages/contracts/contracts/BalanceManager.sol
FN:39,BalanceManager.__BalanceManager_init
FNDA:0,BalanceManager.__BalanceManager_init
DA:43,0
DA:44,0
DA:45,0
FN:55,BalanceManager.onERC721Received
FNDA:4,BalanceManager.onERC721Received
DA:64,4
BRDA:63,0,0,1
BRDA:63,0,1,3
DA:67,1
DA:71,3
BRDA:71,1,0,3
BRDA:71,1,1,3
DA:72,3
DA:78,3
FN:81,BalanceManager.onERC1155Received
FNDA:5,BalanceManager.onERC1155Received
DA:89,5
BRDA:89,2,0,1
BRDA:89,2,1,4
DA:90,1
DA:94,4
BRDA:94,3,0,3
BRDA:94,3,1,4
DA:95,3
DA:101,4
FN:104,BalanceManager.onERC1155BatchReceived
FNDA:0,BalanceManager.onERC1155BatchReceived
DA:112,0
BRDA:112,4,0,-
BRDA:112,4,1,-
DA:113,0
DA:117,0
BRDA:117,5,0,-
BRDA:117,5,1,-
DA:118,0
DA:119,0
DA:120,0
DA:131,0
FN:134,BalanceManager.supportsInterface
FNDA:0,BalanceManager.supportsInterface
DA:137,0
FN:143,BalanceManager._addToAssetPrefill
FNDA:5,BalanceManager._addToAssetPrefill
DA:147,4
DA:148,4
DA:150,4
DA:151,4
FN:165,BalanceManager._processJoinSplitsReservingFee
FNDA:27,BalanceManager._processJoinSplitsReservingFee
DA:169,27
DA:170,27
DA:172,27
DA:173,27
DA:176,51
DA:179,45
DA:184,45
BRDA:183,6,0,-
BRDA:183,6,1,23
DA:189,23
DA:194,23
DA:196,23
DA:200,45
BRDA:200,7,0,1
BRDA:200,7,1,35
DA:201,36
DA:207,20
BRDA:207,8,0,2
BRDA:207,8,1,18
FN:210,BalanceManager._gatherReservedGasAssetAndPayBundler
FNDA:14,BalanceManager._gatherReservedGasAssetAndPayBundler
DA:216,14
DA:217,14
DA:219,14
BRDA:219,9,0,-
BRDA:219,9,1,11
DA:223,11
DA:225,11
DA:227,11
FN:235,BalanceManager._totalNumRefundsToHandle
FNDA:22,BalanceManager._totalNumRefundsToHandle
DA:238,22
FN:249,BalanceManager._handleAllRefunds
FNDA:17,BalanceManager._handleAllRefunds
DA:250,17
DA:251,17
DA:252,31
DA:255,17
DA:256,17
DA:257,4
DA:260,17
DA:261,17
DA:262,4
DA:264,17
FN:267,BalanceManager._handleRefundForAsset
FNDA:39,BalanceManager._handleRefundForAsset
DA:271,39
DA:272,39
DA:274,39
DA:275,39
BRDA:275,10,0,21
BRDA:275,10,1,39
DA:276,21
DA:277,21
DA:282,21
FNF:11
FNH:8
LF:62
LH:51
BRF:22
BRH:16
end_of_record
TN:
SF:packages/contracts/contracts/CommitmentTreeManager.sol
FN:48,CommitmentTreeManager.__CommitmentTreeManager_init
FNDA:0,CommitmentTreeManager.__CommitmentTreeManager_init
DA:51,0
DA:52,0
DA:53,0
FN:56,CommitmentTreeManager.applySubtreeUpdate
FNDA:21,CommitmentTreeManager.applySubtreeUpdate
DA:60,21
BRDA:60,0,0,-
BRDA:60,0,1,21
DA:62,21
DA:63,21
DA:64,21
DA:66,21
FN:69,CommitmentTreeManager.root
FNDA:40,CommitmentTreeManager.root
DA:70,40
FN:73,CommitmentTreeManager.count
FNDA:0,CommitmentTreeManager.count
DA:74,0
FN:77,CommitmentTreeManager.totalCount
FNDA:3,CommitmentTreeManager.totalCount
DA:78,3
FN:87,CommitmentTreeManager._handleJoinSplit
FNDA:51,CommitmentTreeManager._handleJoinSplit
DA:89,51
BRDA:89,1,0,2
BRDA:89,1,1,49
DA:93,49
BRDA:93,2,0,-
BRDA:93,2,1,49
DA:97,49
BRDA:97,3,0,2
BRDA:97,3,1,47
DA:101,47
BRDA:101,4,0,2
BRDA:101,4,1,45
DA:107,45
DA:108,45
DA:111,45
DA:112,45
DA:114,45
DA:115,45
DA:116,45
DA:117,45
DA:119,45
FN:128,CommitmentTreeManager._handleRefundNote
FNDA:77,CommitmentTreeManager._handleRefundNote
DA:133,77
DA:134,77
DA:143,77
DA:145,77
FN:155,CommitmentTreeManager._fillBatchWithZeros
FNDA:22,CommitmentTreeManager._fillBatchWithZeros
DA:156,22
DA:157,22
DA:158,22
FN:161,CommitmentTreeManager._insertNote
FNDA:77,CommitmentTreeManager._insertNote
DA:162,77
DA:163,77
FN:166,CommitmentTreeManager._insertNoteCommitments
FNDA:67,CommitmentTreeManager._insertNoteCommitments
DA:167,67
DA:168,67
FNF:10
FNH:8
LF:35
LH:31
BRF:10
BRH:8
end_of_record
TN:
SF:packages/contracts/contracts/DepositManager.sol
FN:66,DepositManager.initialize
FNDA:0,DepositManager.initialize
DA:72,0
DA:73,0
DA:74,0
DA:75,0
DA:76,0
FN:79,DepositManager.setScreenerPermission
FNDA:0,DepositManager.setScreenerPermission
DA:83,0
DA:84,0
FN:87,DepositManager.instantiateETHDeposit
FNDA:2,DepositManager.instantiateETHDeposit
DA:91,2
BRDA:91,0,0,1
BRDA:91,0,1,1
DA:92,1
DA:94,1
DA:103,1
DA:106,1
DA:107,1
DA:109,1
FN:119,DepositManager.instantiateDeposit
FNDA:5,DepositManager.instantiateDeposit
DA:124,5
DA:133,5
DA:136,5
DA:137,5
DA:139,5
DA:141,5
FN:151,DepositManager.retrieveDeposit
FNDA:3,DepositManager.retrieveDeposit
DA:154,3
BRDA:154,1,0,1
BRDA:154,1,1,2
DA:158,2
DA:159,2
BRDA:159,2,0,1
BRDA:159,2,1,1
DA:162,1
DA:165,1
DA:168,1
DA:170,1
FN:180,DepositManager.completeDeposit
FNDA:3,DepositManager.completeDeposit
DA:184,3
DA:187,3
DA:188,3
BRDA:188,3,0,1
BRDA:188,3,1,2
DA:192,2
DA:193,2
BRDA:193,4,0,1
BRDA:193,4,1,1
DA:196,1
DA:199,1
DA:200,1
DA:207,1
DA:208,1
DA:212,1
BRDA:212,5,0,-
BRDA:212,5,1,1
DA:214,0
DA:218,1
DA:219,1
BRDA:219,6,0,1
BRDA:219,6,1,1
DA:221,1
DA:227,1
FNF:6
FNH:4
LF:43
LH:35
BRF:14
BRH:13
end_of_record
TN:
SF:packages/contracts/contracts/DepositManagerBase.sol
FN:32,DepositManagerBase.__DepositManagerBase_init
FNDA:2,DepositManagerBase.__DepositManagerBase_init
DA:36,2
FN:39,DepositManagerBase._recoverDepositRequestSigner
FNDA:4,DepositManagerBase._recoverDepositRequestSigner
DA:43,4
DA:44,4
FN:47,DepositManagerBase._computeDigest
FNDA:0,DepositManagerBase._computeDigest
DA:50,7
DA:51,7
DA:53,7
FN:56,DepositManagerBase._hashDepositRequest
FNDA:22,DepositManagerBase._hashDepositRequest
DA:59,22
FN:73,DepositManagerBase._hashEncodedAsset
FNDA:22,DepositManagerBase._hashEncodedAsset
DA:76,22
FN:86,DepositManagerBase._hashStealthAddress
FNDA:22,DepositManagerBase._hashStealthAddress
DA:89,22
FNF:6
FNH:5
LF:9
LH:9
BRF:0
BRH:0
end_of_record
TN:
SF:packages/contracts/contracts/Handler.sol
FN:31,Handler.initialize
FNDA:0,Handler.initialize
DA:35,0
DA:36,0
FN:54,Handler.pause
FNDA:3,Handler.pause
DA:55,2
FN:58,Handler.unpause
FNDA:2,Handler.unpause
DA:59,1
FN:63,Handler.setSubtreeBatchFillerPermission
FNDA:1,Handler.setSubtreeBatchFillerPermission
DA:67,1
DA:68,1
FN:73,Handler.setCallableContractAllowlistPermission
FNDA:5,Handler.setCallableContractAllowlistPermission
DA:78,5
DA:82,5
DA:83,5
FN:90,Handler.addToAssetPrefill
FNDA:5,Handler.addToAssetPrefill
DA:94,3
FN:97,Handler.fillBatchWithZeros
FNDA:23,Handler.fillBatchWithZeros
DA:98,22
FN:101,Handler.handleDeposit
FNDA:46,Handler.handleDeposit
DA:104,45
DA:105,45
FN:128,Handler.handleOperation
FNDA:22,Handler.handleOperation
DA:139,19
BRDA:139,0,0,1
BRDA:139,0,1,18
DA:140,18
BRDA:140,1,0,1
BRDA:140,1,1,17
DA:144,17
DA:148,13
DA:150,13
DA:151,13
DA:175,13
DA:176,13
DA:177,13
DA:180,13
DA:190,13
DA:191,13
FN:198,Handler.executeActions
FNDA:15,Handler.executeActions
DA:207,12
DA:208,12
DA:209,12
DA:212,12
DA:213,14
DA:214,12
BRDA:214,2,0,-
BRDA:214,2,1,1
DA:215,1
DA:218,1
BRDA:218,3,0,-
BRDA:218,3,1,1
DA:220,0
DA:222,1
DA:230,9
DA:231,9
BRDA:231,4,0,1
BRDA:231,4,1,8
FN:234,Handler._makeExternalCall
FNDA:14,Handler._makeExternalCall
DA:237,14
BRDA:237,5,0,1
BRDA:237,5,1,13
DA:242,13
DA:243,13
DA:247,13
BRDA:247,6,0,1
BRDA:247,6,1,12
DA:252,12
FN:255,Handler._extractFunctionSelector
FNDA:0,Handler._extractFunctionSelector
DA:258,13
BRDA:258,7,0,-
BRDA:258,7,1,13
DA:259,13
FN:262,Handler._addressAndSelector
FNDA:18,Handler._addressAndSelector
DA:266,18
FNF:13
FNH:11
LF:45
LH:42
BRF:16
BRH:13
end_of_record
TN:
SF:packages/contracts/contracts/JoinSplitVerifier.sol
FN:9,JoinSplitVerifier.verifyingKey
FNDA:3,JoinSplitVerifier.verifyingKey
DA:14,3
DA:19,3
DA:29,3
DA:39,3
DA:49,3
DA:51,3
DA:56,3
DA:61,3
DA:66,3
DA:71,3
DA:76,3
DA:81,3
DA:86,3
DA:91,3
DA:96,3
DA:101,3
DA:106,3
FN:113,JoinSplitVerifier.verifyProof
FNDA:1,JoinSplitVerifier.verifyProof
DA:117,1
FN:121,JoinSplitVerifier.batchVerifyProofs
FNDA:2,JoinSplitVerifier.batchVerifyProofs
DA:125,2
FNF:3
FNH:3
LF:19
LH:19
BRF:0
BRH:0
end_of_record
TN:
SF:packages/contracts/contracts/NocturneReentrancyGuard.sol
FN:18,NocturneReentrancyGuard.__NocturneReentrancyGuard_init
FNDA:0,NocturneReentrancyGuard.__NocturneReentrancyGuard_init
DA:19,0
FN:59,NocturneReentrancyGuard.reentrancyGuardStage
FNDA:0,NocturneReentrancyGuard.reentrancyGuardStage
DA:60,19
FNF:2
FNH:0
LF:2
LH:1
BRF:0
BRH:0
end_of_record
TN:
SF:packages/contracts/contracts/SubtreeUpdateVerifier.sol
FN:9,SubtreeUpdateVerifier.verifyingKey
FNDA:2,SubtreeUpdateVerifier.verifyingKey
DA:14,2
DA:19,2
DA:29,2
DA:39,2
DA:49,2
DA:51,2
DA:56,2
DA:61,2
DA:66,2
DA:71,2
FN:78,SubtreeUpdateVerifier.verifyProof
FNDA:1,SubtreeUpdateVerifier.verifyProof
DA:82,1
FN:86,SubtreeUpdateVerifier.batchVerifyProofs
FNDA:1,SubtreeUpdateVerifier.batchVerifyProofs
DA:90,1
FNF:3
FNH:3
LF:12
LH:12
BRF:0
BRH:0
end_of_record
TN:
SF:packages/contracts/contracts/Wallet.sol
FN:56,Wallet.initialize
FNDA:0,Wallet.initialize
DA:60,0
DA:61,0
DA:62,0
DA:63,0
FN:81,Wallet.pause
FNDA:3,Wallet.pause
DA:82,2
FN:85,Wallet.unpause
FNDA:2,Wallet.unpause
DA:86,1
FN:89,Wallet.setDepositSourcePermission
FNDA:2,Wallet.setDepositSourcePermission
DA:93,1
DA:94,1
FN:97,Wallet.depositFunds
FNDA:58,Wallet.depositFunds
DA:100,56
DA:101,56
FN:108,Wallet.requestAsset
FNDA:48,Wallet.requestAsset
DA:112,47
FN:125,Wallet.processBundle
FNDA:19,Wallet.processBundle
DA:134,17
DA:135,17
BRDA:135,0,0,-
BRDA:135,0,1,17
DA:137,17
DA:141,17
DA:146,17
BRDA:146,1,0,-
BRDA:146,1,1,17
DA:148,17
DA:149,17
DA:150,17
DA:152,17
DA:172,17
DA:181,17
FN:184,Wallet.onERC721Received
FNDA:0,Wallet.onERC721Received
DA:190,0
FN:193,Wallet.onERC1155Received
FNDA:2,Wallet.onERC1155Received
DA:200,2
FN:203,Wallet.onERC1155BatchReceived
FNDA:0,Wallet.onERC1155BatchReceived
DA:210,0
FN:213,Wallet.supportsInterface
FNDA:0,Wallet.supportsInterface
DA:216,0
FN:225,Wallet._verifyAllProofsMetered
FNDA:17,Wallet._verifyAllProofsMetered
DA:229,17
DA:231,17
DA:235,17
BRDA:235,2,0,-
BRDA:235,2,1,8
DA:236,8
DA:238,9
DA:241,17
DA:244,17
FNF:12
FNH:8
LF:33
LH:26
BRF:6
BRH:3
end_of_record
TN:
SF:packages/contracts/contracts/libs/AssetUtils.sol
FN:20,AssetUtils.encodeAsset
FNDA:63,AssetUtils.encodeAsset
DA:25,63
DA:26,63
DA:27,63
BRDA:27,0,0,63
BRDA:27,0,1,-
DA:28,63
DA:29,0
BRDA:29,1,0,-
BRDA:29,1,1,-
DA:30,0
DA:31,0
BRDA:31,2,0,-
BRDA:31,2,1,-
DA:32,0
DA:34,0
DA:36,63
DA:40,63
FN:47,AssetUtils.decodeAsset
FNDA:105,AssetUtils.decodeAsset
DA:54,105
DA:57,105
DA:60,105
DA:62,105
BRDA:62,3,0,105
BRDA:62,3,1,-
DA:63,105
DA:64,0
BRDA:64,4,0,-
BRDA:64,4,1,-
DA:65,0
DA:66,0
BRDA:66,5,0,-
BRDA:66,5,1,-
DA:67,0
DA:69,0
DA:71,105
FN:74,AssetUtils.hashEncodedAsset
FNDA:0,AssetUtils.hashEncodedAsset
DA:77,0
FN:86,AssetUtils.balanceOfAsset
FNDA:0,AssetUtils.balanceOfAsset
DA:89,0
DA:91,0
DA:92,0
BRDA:92,6,0,-
BRDA:92,6,1,-
DA:93,0
DA:94,0
BRDA:94,7,0,-
BRDA:94,7,1,-
DA:95,0
BRDA:95,8,0,-
BRDA:95,8,1,-
DA:96,0
DA:98,0
BRDA:98,9,0,-
BRDA:98,9,1,-
DA:99,0
DA:101,0
FN:107,AssetUtils.transferAssetTo
FNDA:47,AssetUtils.transferAssetTo
DA:112,47
DA:115,47
BRDA:115,10,0,47
BRDA:115,10,1,-
DA:116,47
DA:117,0
BRDA:117,11,0,-
BRDA:117,11,1,-
DA:119,0
DA:120,0
BRDA:120,12,0,-
BRDA:120,12,1,-
DA:122,0
DA:130,0
FN:137,AssetUtils.transferAssetFrom
FNDA:58,AssetUtils.transferAssetFrom
DA:142,58
DA:145,58
BRDA:145,13,0,58
BRDA:145,13,1,-
DA:146,58
DA:147,0
BRDA:147,14,0,-
BRDA:147,14,1,-
DA:149,0
DA:150,0
BRDA:150,15,0,-
BRDA:150,15,1,-
DA:152,0
DA:160,0
FN:167,AssetUtils.approveAsset
FNDA:0,AssetUtils.approveAsset
DA:172,0
DA:176,0
BRDA:176,16,0,-
BRDA:176,16,1,-
DA:178,0
DA:179,0
DA:180,0
BRDA:180,17,0,-
BRDA:180,17,1,-
DA:182,0
DA:183,0
BRDA:183,18,0,-
BRDA:183,18,1,-
DA:185,0
DA:187,0
FN:191,AssetUtils.eq
FNDA:0,AssetUtils.eq
DA:195,0
FNF:8
FNH:4
LF:59
LH:18
BRF:38
BRH:4
end_of_record
TN:
SF:packages/contracts/contracts/libs/Groth16.sol
FN:22,Groth16.verifyProof
FNDA:0,Groth16.verifyProof
DA:27,0
BRDA:27,0,0,-
BRDA:27,0,1,-
DA:28,0
DA:29,0
DA:30,0
BRDA:30,1,0,-
BRDA:30,1,1,-
DA:34,0
DA:40,0
DA:42,0
FN:55,Groth16.accumulate
FNDA:0,Groth16.accumulate
DA:66,0
DA:67,0
DA:68,0
BRDA:68,2,0,-
BRDA:68,2,1,-
DA:73,0
DA:74,0
DA:78,0
DA:81,0
DA:82,0
BRDA:82,3,0,-
BRDA:82,3,1,-
DA:83,0
DA:85,0
DA:88,0
DA:90,0
BRDA:90,4,0,-
BRDA:90,4,1,-
DA:92,0
DA:97,0
DA:98,0
BRDA:98,5,0,-
BRDA:98,5,1,-
DA:103,0
DA:115,0
DA:116,0
DA:119,0
DA:120,0
DA:121,0
DA:128,0
DA:129,0
DA:130,0
DA:131,0
DA:135,0
DA:138,0
DA:140,0
FN:143,Groth16.batchVerifyProofs
FNDA:0,Groth16.batchVerifyProofs
DA:148,0
BRDA:148,6,0,-
BRDA:148,6,1,-
DA:153,0
DA:154,0
DA:155,0
DA:164,0
DA:167,0
DA:169,0
DA:174,0
DA:175,0
DA:179,0
DA:180,0
DA:181,0
DA:183,0
DA:184,0
DA:188,0
DA:189,0
DA:192,0
DA:193,0
DA:196,0
DA:199,0
DA:201,0
FN:204,Groth16._prepareBatch
FNDA:0,Groth16._prepareBatch
DA:211,0
DA:215,0
DA:216,0
DA:220,0
DA:223,0
DA:226,0
DA:227,0
DA:231,0
DA:233,0
FN:236,Groth16._proof8ToStruct
FNDA:0,Groth16._proof8ToStruct
DA:239,0
FNF:5
FNH:0
LF:66
LH:0
BRF:14
BRH:0
end_of_record
TN:
SF:packages/contracts/contracts/libs/OffchainMerkleTree.sol
FN:38,OffchainMerkleTree.initialize
FNDA:0,OffchainMerkleTree.initialize
DA:43,0
DA:44,0
DA:45,0
DA:46,0
DA:49,0
FN:52,OffchainMerkleTree.insertNote
FNDA:0,OffchainMerkleTree.insertNote
DA:56,0
DA:57,0
FN:60,OffchainMerkleTree.insertNoteCommitments
FNDA:0,OffchainMerkleTree.insertNoteCommitments
DA:64,0
DA:65,0
FN:69,OffchainMerkleTree.applySubtreeUpdate
FNDA:0,OffchainMerkleTree.applySubtreeUpdate
DA:74,0
DA:76,0
BRDA:76,0,0,-
BRDA:76,0,1,-
DA:81,0
DA:82,0
DA:83,0
FN:87,OffchainMerkleTree.getRoot
FNDA:0,OffchainMerkleTree.getRoot
DA:90,0
FN:94,OffchainMerkleTree.getCount
FNDA:0,OffchainMerkleTree.getCount
DA:97,0
FN:101,OffchainMerkleTree.getTotalCount
FNDA:0,OffchainMerkleTree.getTotalCount
DA:104,0
FN:111,OffchainMerkleTree._calculatePublicInputs
FNDA:0,OffchainMerkleTree._calculatePublicInputs
DA:115,0
DA:116,0
DA:119,0
DA:124,0
DA:125,0
DA:126,0
DA:127,0
DA:128,0
DA:130,0
FN:133,OffchainMerkleTree._computeAccumulatorHash
FNDA:0,OffchainMerkleTree._computeAccumulatorHash
DA:136,0
BRDA:136,1,0,-
BRDA:136,1,1,-
DA:141,0
DA:142,0
DA:143,0
DA:146,0
FN:149,OffchainMerkleTree._accumulate
FNDA:0,OffchainMerkleTree._accumulate
DA:150,0
BRDA:150,2,0,-
BRDA:150,2,1,-
DA:155,0
DA:156,0
DA:157,0
FN:160,OffchainMerkleTree._insertUpdate
FNDA:0,OffchainMerkleTree._insertUpdate
DA:164,0
DA:165,0
DA:167,0
BRDA:167,3,0,-
BRDA:167,3,1,-
DA:168,0
FNF:11
FNH:0
LF:39
LH:0
BRF:8
BRH:0
end_of_record
TN:
SF:packages/contracts/contracts/libs/OperationUtils.sol
FN:9,OperationUtils.extractJoinSplitProofsAndPis
FNDA:17,OperationUtils.extractJoinSplitProofsAndPis
DA:17,17
DA:20,17
DA:21,17
DA:22,17
DA:25,17
DA:26,17
DA:29,17
DA:32,17
DA:33,17
DA:34,17
DA:35,17
DA:36,32
DA:37,32
DA:38,32
DA:39,32
DA:40,32
DA:41,32
DA:42,32
DA:43,32
DA:44,32
DA:45,32
DA:46,32
DA:47,32
DA:51,32
DA:55,32
DA:59,17
FN:62,OperationUtils.computeOperationDigests
FNDA:17,OperationUtils.computeOperationDigests
DA:65,17
DA:66,17
DA:67,17
DA:68,17
DA:71,17
FN:75,OperationUtils.computeOperationDigest
FNDA:17,OperationUtils.computeOperationDigest
DA:79,17
DA:94,17
DA:104,17
FN:107,OperationUtils.calculateBundlerGasAssetPayout
FNDA:10,OperationUtils.calculateBundlerGasAssetPayout
DA:111,10
DA:113,10
DA:115,10
FN:125,OperationUtils.getRevertMsg
FNDA:10,OperationUtils.getRevertMsg
DA:129,10
BRDA:129,0,0,1
BRDA:129,0,1,9
DA:130,1
DA:135,9
DA:137,9
FN:140,OperationUtils._createJoinSplitsPayload
FNDA:17,OperationUtils._createJoinSplitsPayload
DA:143,17
DA:144,17
DA:145,17
DA:146,32
DA:163,17
FN:166,OperationUtils._createRefundAssetsPayload
FNDA:17,OperationUtils._createRefundAssetsPayload
DA:169,17
DA:170,17
DA:171,2
DA:178,17
FN:181,OperationUtils._createActionsPayload
FNDA:17,OperationUtils._createActionsPayload
DA:184,17
DA:185,17
DA:186,17
DA:187,17
DA:188,19
DA:189,19
DA:196,17
FNF:8
FNH:8
LF:57
LH:57
BRF:2
BRH:2
end_of_record
TN:
SF:packages/contracts/contracts/libs/Pairing.sol
FN:27,Pairing.P1
FNDA:0,Pairing.P1
DA:28,0
FN:32,Pairing.P2
FNDA:0,Pairing.P2
DA:34,0
FN:58,Pairing.negate
FNDA:0,Pairing.negate
DA:60,0
DA:61,0
BRDA:61,0,0,-
BRDA:61,0,1,-
DA:62,0
FN:66,Pairing.addition
FNDA:0,Pairing.addition
DA:70,0
DA:71,0
DA:72,0
DA:73,0
DA:74,0
DA:75,0
DA:78,0
DA:85,0
BRDA:85,1,0,-
BRDA:85,1,1,-
FN:90,Pairing.scalar_mul
FNDA:0,Pairing.scalar_mul
DA:94,0
DA:95,0
DA:96,0
DA:97,0
DA:98,0
DA:101,0
DA:108,0
BRDA:108,2,0,-
BRDA:108,2,1,-
FN:115,Pairing.pairing
FNDA:0,Pairing.pairing
DA:119,0
BRDA:119,3,0,-
BRDA:119,3,1,-
DA:120,0
DA:121,0
DA:122,0
DA:123,0
DA:124,0
DA:125,0
DA:126,0
DA:127,0
DA:128,0
DA:129,0
DA:131,0
DA:132,0
DA:135,0
DA:149,0
BRDA:149,4,0,-
BRDA:149,4,1,-
DA:150,0
FN:154,Pairing.pairingProd2
FNDA:0,Pairing.pairingProd2
DA:160,0
DA:161,0
DA:162,0
DA:163,0
DA:164,0
DA:165,0
DA:166,0
FN:170,Pairing.pairingProd3
FNDA:0,Pairing.pairingProd3
DA:178,0
DA:179,0
DA:180,0
DA:181,0
DA:182,0
DA:183,0
DA:184,0
DA:185,0
DA:186,0
FN:190,Pairing.pairingProd4
FNDA:0,Pairing.pairingProd4
DA:200,0
DA:201,0
DA:202,0
DA:203,0
DA:204,0
DA:205,0
DA:206,0
DA:207,0
DA:208,0
DA:209,0
DA:210,0
FNF:9
FNH:0
LF:63
LH:0
BRF:10
BRH:0
end_of_record
TN:
SF:packages/contracts/contracts/libs/Queue.sol
FN:22,QueueLib.initialize
FNDA:0,QueueLib.initialize
DA:23,0
BRDA:23,0,0,-
BRDA:23,0,1,-
DA:24,0
FN:33,QueueLib.enqueue
FNDA:0,QueueLib.enqueue
DA:37,0
DA:38,0
DA:39,0
BRDA:39,1,0,-
BRDA:39,1,1,-
DA:41,0
FN:50,QueueLib.dequeue
FNDA:0,QueueLib.dequeue
DA:51,0
DA:52,0
DA:53,0
BRDA:53,2,0,-
BRDA:53,2,1,-
DA:54,0
DA:55,0
BRDA:55,3,0,-
BRDA:55,3,1,-
DA:57,0
DA:59,0
FN:67,QueueLib.enqueue
FNDA:0,QueueLib.enqueue
DA:71,0
DA:72,0
DA:73,0
DA:74,0
DA:75,0
BRDA:75,4,0,-
BRDA:75,4,1,-
DA:76,0
DA:79,0
FN:88,QueueLib.dequeue
FNDA:0,QueueLib.dequeue
DA:92,0
DA:93,0
DA:95,0
BRDA:95,5,0,-
BRDA:95,5,1,-
DA:97,0
DA:99,0
DA:100,0
DA:101,0
DA:102,0
DA:104,0
DA:105,0
FN:114,QueueLib.contains
FNDA:0,QueueLib.contains
DA:118,0
DA:119,0
BRDA:119,6,0,-
BRDA:119,6,1,-
DA:120,0
DA:123,0
FN:128,QueueLib.lastItem
FNDA:0,QueueLib.lastItem
DA:129,0
FN:134,QueueLib.peek
FNDA:0,QueueLib.peek
DA:135,0
BRDA:135,7,0,-
BRDA:135,7,1,-
DA:136,0
FN:140,QueueLib.isEmpty
FNDA:0,QueueLib.isEmpty
DA:141,0
FN:145,QueueLib.length
FNDA:0,QueueLib.length
DA:146,0
DA:147,0
DA:149,0
FN:153,QueueLib._length
FNDA:0,QueueLib._length
DA:157,0
FNF:11
FNH:0
LF:42
LH:0
BRF:16
BRH:0
end_of_record
TN:
SF:packages/contracts/contracts/libs/TreeUtils.sol
FN:17,TreeUtils.encodePathAndHash
FNDA:0,TreeUtils.encodePathAndHash
DA:21,0
BRDA:21,0,0,-
BRDA:21,0,1,-
DA:25,0
DA:26,0
DA:30,0
FN:34,TreeUtils.sha256FieldElems
FNDA:0,TreeUtils.sha256FieldElems
DA:37,0
FN:40,TreeUtils.sha256Note
FNDA:0,TreeUtils.sha256Note
DA:43,0
DA:44,0
DA:45,0
DA:46,0
DA:47,0
DA:48,0
DA:49,0
DA:50,0
FN:55,TreeUtils.uint256ToFieldElemLimbs
FNDA:0,TreeUtils.uint256ToFieldElemLimbs
DA:58,0
FN:63,TreeUtils._splitUint256ToLimbs
FNDA:0,TreeUtils._splitUint256ToLimbs
DA:67,0
DA:68,0
DA:69,0
FNF:5
FNH:0
LF:17
LH:0
BRF:2
BRH:0
end_of_record
TN:
SF:packages/contracts/contracts/libs/Types.sol
FN:107,OperationLib.maxGasLimit
FNDA:0,OperationLib.maxGasLimit
DA:111,0
FN:119,OperationLib.maxGasAssetCost
FNDA:0,OperationLib.maxGasAssetCost
DA:123,0
FNF:2
FNH:0
LF:2
LH:0
BRF:0
BRH:0
end_of_record
TN:
SF:packages/contracts/contracts/libs/Utils.sol
FN:14,Utils.min
FNDA:0,Utils.min
DA:15,0
FNF:1
FNH:0
LF:1
LH:0
BRF:0
BRH:0
end_of_record
TN:
SF:packages/contracts/contracts/test/harnesses/TestBalanceManager.sol
FN:12,TestBalanceManager.initialize
FNDA:0,TestBalanceManager.initialize
DA:16,0
FN:24,TestBalanceManager.addToAssetPrefill
FNDA:2,TestBalanceManager.addToAssetPrefill
DA:28,2
FN:32,TestBalanceManager.handleDeposit
FNDA:11,TestBalanceManager.handleDeposit
DA:35,11
DA:36,11
FN:39,TestBalanceManager.handleOperation
FNDA:0,TestBalanceManager.handleOperation
DA:44,0
FN:47,TestBalanceManager.processJoinSplitsReservingFee
FNDA:10,TestBalanceManager.processJoinSplitsReservingFee
DA:51,10
FN:54,TestBalanceManager.gatherReservedGasAssetAndPayBundler
FNDA:1,TestBalanceManager.gatherReservedGasAssetAndPayBundler
DA:60,1
FN:68,TestBalanceManager.calculateOpGasAssetCost
FNDA:4,TestBalanceManager.calculateOpGasAssetCost
DA:72,4
FN:75,TestBalanceManager.calculateBundlerGasAssetPayout
FNDA:1,TestBalanceManager.calculateBundlerGasAssetPayout
DA:79,1
FN:82,TestBalanceManager.handleAllRefunds
FNDA:4,TestBalanceManager.handleAllRefunds
DA:83,4
FN:86,TestBalanceManager.receivedAssetsLength
FNDA:10,TestBalanceManager.receivedAssetsLength
DA:87,10
FN:90,TestBalanceManager.getReceivedAssetsByIndex
FNDA:2,TestBalanceManager.getReceivedAssetsByIndex
DA:93,2
FNF:11
FNH:9
LF:12
LH:10
BRF:0
BRH:0
end_of_record
TN:
SF:packages/contracts/contracts/test/harnesses/TestDepositManager.sol
FN:9,TestDepositManager.computeDigest
FNDA:3,TestDepositManager.computeDigest
DA:12,3
FN:15,TestDepositManager.hashDepositRequest
FNDA:4,TestDepositManager.hashDepositRequest
DA:18,4
FNF:2
FNH:2
LF:2
LH:2
BRF:0
BRH:0
end_of_record
TN:
SF:packages/contracts/contracts/test/harnesses/TestDepositManagerBase.sol
FN:16,TestDepositManagerBase.initialize
FNDA:2,TestDepositManagerBase.initialize
DA:20,2
FN:23,TestDepositManagerBase.recoverDepositRequestSigner
FNDA:1,TestDepositManagerBase.recoverDepositRequestSigner
DA:27,1
FN:30,TestDepositManagerBase.hashDepositRequest
FNDA:1,TestDepositManagerBase.hashDepositRequest
DA:33,1
FN:36,TestDepositManagerBase.nameHash
FNDA:0,TestDepositManagerBase.nameHash
DA:37,0
FN:40,TestDepositManagerBase.versionHash
FNDA:0,TestDepositManagerBase.versionHash
DA:41,0
FNF:5
FNH:3
LF:5
LH:3
BRF:0
BRH:0
end_of_record
TN:
SF:packages/contracts/contracts/test/harnesses/TestJoinSplitVerifier.sol
FN:9,TestJoinSplitVerifier.verifyProof
FNDA:31,TestJoinSplitVerifier.verifyProof
DA:13,31
FN:16,TestJoinSplitVerifier.batchVerifyProofs
FNDA:9,TestJoinSplitVerifier.batchVerifyProofs
DA:20,9
FNF:2
FNH:2
LF:2
LH:2
BRF:0
BRH:0
end_of_record
TN:
SF:packages/contracts/contracts/test/harnesses/TestSubtreeUpdateVerifier.sol
FN:9,TestSubtreeUpdateVerifier.verifyProof
FNDA:0,TestSubtreeUpdateVerifier.verifyProof
DA:13,0
FN:16,TestSubtreeUpdateVerifier.batchVerifyProofs
FNDA:0,TestSubtreeUpdateVerifier.batchVerifyProofs
DA:20,0
FNF:2
FNH:0
LF:2
LH:0
BRF:0
BRH:0
end_of_record
TN:
SF:packages/contracts/contracts/test/invariant/InvariantsBase.sol
FN:49,InvariantsBase.print_callSummary
FNDA:0,InvariantsBase.print_callSummary
DA:50,0
DA:51,0
FN:56,InvariantsBase.assert_protocol_walletBalanceEqualsCompletedDepositSumMinusTransferedOutErc20
FNDA:0,InvariantsBase.assert_protocol_walletBalanceEqualsCompletedDepositSumMinusTransferedOutErc20
DA:59,0
FN:68,InvariantsBase.assert_deposit_outNeverExceedsInETH
FNDA:0,InvariantsBase.assert_deposit_outNeverExceedsInETH
DA:69,0
FN:76,InvariantsBase.assert_deposit_depositManagerBalanceEqualsInMinusOutETH
FNDA:0,InvariantsBase.assert_deposit_depositManagerBalanceEqualsInMinusOutETH
DA:79,0
FN:87,InvariantsBase.assert_deposit_walletBalanceEqualsCompletedDepositSumETH
FNDA:0,InvariantsBase.assert_deposit_walletBalanceEqualsCompletedDepositSumETH
DA:90,0
FN:96,InvariantsBase.assert_deposit_allActorsBalanceSumETHEqualsRetrieveDepositSumETH
FNDA:0,InvariantsBase.assert_deposit_allActorsBalanceSumETHEqualsRetrieveDepositSumETH
DA:99,0
DA:101,0
DA:102,0
DA:103,0
DA:106,0
FN:109,InvariantsBase.assert_deposit_actorBalanceAlwaysEqualsRetrievedETH
FNDA:0,InvariantsBase.assert_deposit_actorBalanceAlwaysEqualsRetrievedETH
DA:110,0
DA:112,0
DA:113,0
FN:122,InvariantsBase.assert_deposit_actorBalanceNeverExceedsInstantiatedETH
FNDA:0,InvariantsBase.assert_deposit_actorBalanceNeverExceedsInstantiatedETH
DA:123,0
DA:125,0
DA:126,0
FN:137,InvariantsBase.assert_deposit_outNeverExceedsInErc20
FNDA:0,InvariantsBase.assert_deposit_outNeverExceedsInErc20
DA:138,0
FN:145,InvariantsBase.assert_deposit_depositManagerBalanceEqualsInMinusOutErc20
FNDA:0,InvariantsBase.assert_deposit_depositManagerBalanceEqualsInMinusOutErc20
DA:148,0
FN:158,InvariantsBase.assert_deposit_allActorsBalanceSumErc20EqualsRetrieveDepositSumErc20
FNDA:0,InvariantsBase.assert_deposit_allActorsBalanceSumErc20EqualsRetrieveDepositSumErc20
DA:161,0
DA:163,0
DA:164,0
DA:165,0
DA:168,0
FN:171,InvariantsBase.assert_deposit_actorBalanceAlwaysEqualsRetrievedErc20
FNDA:0,InvariantsBase.assert_deposit_actorBalanceAlwaysEqualsRetrievedErc20
DA:172,0
DA:174,0
DA:175,0
FN:184,InvariantsBase.assert_deposit_actorBalanceNeverExceedsInstantiatedErc20
FNDA:0,InvariantsBase.assert_deposit_actorBalanceNeverExceedsInstantiatedErc20
DA:187,0
DA:189,0
DA:190,0
FN:201,InvariantsBase.assert_operation_totalSwapErc20ReceivedMatchesWalletBalance
FNDA:0,InvariantsBase.assert_operation_totalSwapErc20ReceivedMatchesWalletBalance
DA:204,0
FN:210,InvariantsBase.assert_operation_walletOwnsAllSwapErc721s
FNDA:0,InvariantsBase.assert_operation_walletOwnsAllSwapErc721s
DA:211,0
DA:212,0
DA:213,0
FN:217,InvariantsBase.assert_operation_totalSwapErc1155ReceivedMatchesWalletBalance
FNDA:0,InvariantsBase.assert_operation_totalSwapErc1155ReceivedMatchesWalletBalance
DA:220,0
DA:221,0
DA:222,0
DA:223,0
FNF:16
FNH:0
LF:38
LH:0
BRF:0
BRH:0
end_of_record
TN:
SF:packages/contracts/contracts/test/invariant/OffchainMerkleInvariants.t.sol
FN:14,OffchainMerkleInvariants.setUp
FNDA:0,OffchainMerkleInvariants.setUp
DA:15,0
FN:18,OffchainMerkleInvariants.invariant_callSummary
FNDA:0,OffchainMerkleInvariants.invariant_callSummary
DA:19,0
FN:22,OffchainMerkleInvariants.invariant_insertedNotesPlusInsertedNoteCommitmentsEqualsTotalCount
FNDA:0,OffchainMerkleInvariants.invariant_insertedNotesPlusInsertedNoteCommitmentsEqualsTotalCount
DA:25,0
FN:34,OffchainMerkleInvariants.invariant_getCountAlwaysMultipleOfBatchSize
FNDA:0,OffchainMerkleInvariants.invariant_getCountAlwaysMultipleOfBatchSize
DA:35,0
FN:38,OffchainMerkleInvariants.invariant_batchLengthNotExceedingBatchSize
FNDA:0,OffchainMerkleInvariants.invariant_batchLengthNotExceedingBatchSize
DA:39,0
FN:42,OffchainMerkleInvariants.invariant_rootUpdatedAfterSubtreeUpdate
FNDA:0,OffchainMerkleInvariants.invariant_rootUpdatedAfterSubtreeUpdate
DA:43,0
BRDA:43,0,0,-
BRDA:43,0,1,-
DA:44,0
BRDA:44,1,0,-
BRDA:44,1,1,-
DA:49,0
FNF:6
FNH:0
LF:8
LH:0
BRF:4
BRH:0
end_of_record
TN:
SF:packages/contracts/contracts/test/invariant/ProtocolInvariants.t.sol
FN:28,ProtocolInvariants.setUp
FNDA:0,ProtocolInvariants.setUp
DA:29,0
DA:30,0
DA:31,0
DA:33,0
DA:35,0
DA:36,0
DA:38,0
DA:39,0
DA:41,0
DA:42,0
DA:44,0
DA:50,0
DA:52,0
DA:53,0
DA:54,0
DA:56,0
DA:62,0
DA:67,0
DA:68,0
DA:69,0
DA:70,0
DA:72,0
DA:84,0
DA:89,0
DA:95,0
DA:101,0
DA:102,0
DA:105,0
DA:108,0
DA:111,0
DA:115,0
DA:116,0
DA:118,0
DA:119,0
DA:126,0
DA:127,0
DA:134,0
DA:135,0
DA:136,0
DA:137,0
DA:138,0
DA:139,0
FN:142,ProtocolInvariants.invariant_callSummary
FNDA:0,ProtocolInvariants.invariant_callSummary
DA:143,0
FN:149,ProtocolInvariants.invariant_protocol_walletBalanceEqualsCompletedDepositSumMinusTransferedOutErc20
FNDA:0,ProtocolInvariants.invariant_protocol_walletBalanceEqualsCompletedDepositSumMinusTransferedOutErc20
DA:152,0
FN:158,ProtocolInvariants.invariant_deposit_outNeverExceedsInETH
FNDA:0,ProtocolInvariants.invariant_deposit_outNeverExceedsInETH
DA:159,0
FN:162,ProtocolInvariants.invariant_deposit_depositManagerBalanceEqualsInMinusOutETH
FNDA:0,ProtocolInvariants.invariant_deposit_depositManagerBalanceEqualsInMinusOutETH
DA:165,0
FN:168,ProtocolInvariants.invariant_deposit_allActorsBalanceSumETHEqualsRetrieveDepositSumETH
FNDA:0,ProtocolInvariants.invariant_deposit_allActorsBalanceSumETHEqualsRetrieveDepositSumETH
DA:171,0
FN:174,ProtocolInvariants.invariant_deposit_actorBalanceAlwaysEqualsRetrievedETH
FNDA:0,ProtocolInvariants.invariant_deposit_actorBalanceAlwaysEqualsRetrievedETH
DA:175,0
FN:178,ProtocolInvariants.invariant_deposit_actorBalanceNeverExceedsInstantiatedETH
FNDA:0,ProtocolInvariants.invariant_deposit_actorBalanceNeverExceedsInstantiatedETH
DA:181,0
FN:187,ProtocolInvariants.invariant_deposit_outNeverExceedsInErc20
FNDA:0,ProtocolInvariants.invariant_deposit_outNeverExceedsInErc20
DA:188,0
FN:191,ProtocolInvariants.invariant_deposit_depositManagerBalanceEqualsInMinusOutErc20
FNDA:0,ProtocolInvariants.invariant_deposit_depositManagerBalanceEqualsInMinusOutErc20
DA:194,0
FN:197,ProtocolInvariants.invariant_deposit_allActorsBalanceSumErc20EqualsRetrieveDepositSumErc20
FNDA:0,ProtocolInvariants.invariant_deposit_allActorsBalanceSumErc20EqualsRetrieveDepositSumErc20
DA:200,0
FN:203,ProtocolInvariants.invariant_deposit_actorBalanceAlwaysEqualsRetrievedErc20
FNDA:0,ProtocolInvariants.invariant_deposit_actorBalanceAlwaysEqualsRetrievedErc20
DA:206,0
FN:209,ProtocolInvariants.invariant_deposit_actorBalanceNeverExceedsInstantiatedErc20
FNDA:0,ProtocolInvariants.invariant_deposit_actorBalanceNeverExceedsInstantiatedErc20
DA:212,0
FN:218,ProtocolInvariants.invariant_operation_totalSwapErc20ReceivedMatchesWalletBalance
FNDA:0,ProtocolInvariants.invariant_operation_totalSwapErc20ReceivedMatchesWalletBalance
DA:221,0
FN:224,ProtocolInvariants.invariant_operation_walletOwnsAllSwapErc721s
FNDA:0,ProtocolInvariants.invariant_operation_walletOwnsAllSwapErc721s
DA:225,0
FN:228,ProtocolInvariants.invariant_operation_totalSwapErc1155ReceivedMatchesWalletBalance
FNDA:0,ProtocolInvariants.invariant_operation_totalSwapErc1155ReceivedMatchesWalletBalance
DA:231,0
FNF:16
FNH:0
LF:57
LH:0
BRF:0
BRH:0
end_of_record
TN:
SF:packages/contracts/contracts/test/invariant/actors/DepositManagerHandler.sol
FN:112,DepositManagerHandler.
FNDA:0,DepositManagerHandler.
FN:115,DepositManagerHandler.callSummary
FNDA:0,DepositManagerHandler.callSummary
DA:116,0
DA:117,0
DA:118,0
DA:119,0
DA:120,0
DA:124,0
DA:125,0
DA:127,0
DA:131,0
DA:132,0
DA:134,0
DA:135,0
DA:137,0
DA:141,0
FN:147,DepositManagerHandler.instantiateDepositETH
FNDA:0,DepositManagerHandler.instantiateDepositETH
DA:151,0
DA:152,0
DA:155,0
DA:157,0
DA:160,0
DA:161,0
DA:163,0
DA:169,0
DA:170,0
DA:171,0
DA:175,0
DA:178,0
DA:179,0
FN:182,DepositManagerHandler.instantiateDepositErc20
FNDA:0,DepositManagerHandler.instantiateDepositErc20
DA:186,0
DA:187,0
DA:188,0
DA:191,0
DA:194,0
DA:195,0
DA:198,0
DA:199,0
DA:201,0
DA:208,0
DA:209,0
DA:210,0
DA:214,0
DA:217,0
DA:218,0
FN:221,DepositManagerHandler.retrieveDepositErc20
FNDA:0,DepositManagerHandler.retrieveDepositErc20
DA:225,0
DA:226,0
BRDA:226,0,0,-
BRDA:226,0,1,-
DA:227,0
DA:229,0
DA:232,0
DA:235,0
DA:236,0
FN:257,DepositManagerHandler.completeDepositErc20
FNDA:0,DepositManagerHandler.completeDepositErc20
DA:261,0
DA:262,0
BRDA:262,1,0,-
BRDA:262,1,1,-
DA:263,0
DA:265,0
DA:268,0
DA:271,0
DA:272,0
DA:273,0
DA:280,0
FN:305,DepositManagerHandler.ghost_AllActors
FNDA:0,DepositManagerHandler.ghost_AllActors
DA:306,0
FN:309,DepositManagerHandler.ghost_instantiateDepositSumETH
FNDA:0,DepositManagerHandler.ghost_instantiateDepositSumETH
DA:310,0
FN:313,DepositManagerHandler.ghost_retrieveDepositSumETH
FNDA:0,DepositManagerHandler.ghost_retrieveDepositSumETH
DA:314,0
FN:317,DepositManagerHandler.ghost_completeDepositSumETH
FNDA:0,DepositManagerHandler.ghost_completeDepositSumETH
DA:318,0
FN:321,DepositManagerHandler.ghost_instantiateDepositSumETHFor
FNDA:0,DepositManagerHandler.ghost_instantiateDepositSumETHFor
DA:324,0
FN:327,DepositManagerHandler.ghost_retrieveDepositSumETHFor
FNDA:0,DepositManagerHandler.ghost_retrieveDepositSumETHFor
DA:330,0
FN:333,DepositManagerHandler.ghost_completeDepositSumETHFor
FNDA:0,DepositManagerHandler.ghost_completeDepositSumETHFor
DA:336,0
FN:339,DepositManagerHandler.ghost_instantiateDepositSumErc20
FNDA:0,DepositManagerHandler.ghost_instantiateDepositSumErc20
DA:340,0
FN:343,DepositManagerHandler.ghost_retrieveDepositSumErc20
FNDA:0,DepositManagerHandler.ghost_retrieveDepositSumErc20
DA:344,0
FN:347,DepositManagerHandler.ghost_completeDepositSumErc20
FNDA:0,DepositManagerHandler.ghost_completeDepositSumErc20
DA:348,0
FN:351,DepositManagerHandler.ghost_instantiateDepositSumErc20For
FNDA:0,DepositManagerHandler.ghost_instantiateDepositSumErc20For
DA:354,0
FN:357,DepositManagerHandler.ghost_retrieveDepositSumErc20For
FNDA:0,DepositManagerHandler.ghost_retrieveDepositSumErc20For
DA:360,0
FN:363,DepositManagerHandler.ghost_completeDepositSumErc20For
FNDA:0,DepositManagerHandler.ghost_completeDepositSumErc20For
DA:366,0
FNF:19
FNH:0
LF:71
LH:0
BRF:4
BRH:0
end_of_record
TN:
SF:packages/contracts/contracts/test/invariant/actors/OffchainMerkleHandler.sol
FN:52,OffchainMerkleHandler.callSummary
FNDA:0,OffchainMerkleHandler.callSummary
DA:53,0
DA:54,0
DA:55,0
DA:56,0
DA:57,0
FN:60,OffchainMerkleHandler.insertNote
FNDA:0,OffchainMerkleHandler.insertNote
DA:63,0
FN:66,OffchainMerkleHandler.insertNoteCommitments
FNDA:0,OffchainMerkleHandler.insertNoteCommitments
DA:69,0
FN:72,OffchainMerkleHandler.applySubtreeUpdate
FNDA:0,OffchainMerkleHandler.applySubtreeUpdate
DA:75,0
BRDA:75,0,0,-
BRDA:75,0,1,-
DA:76,0
DA:77,0
DA:78,0
DA:80,0
FN:84,OffchainMerkleHandler.root
FNDA:0,OffchainMerkleHandler.root
DA:85,0
FN:88,OffchainMerkleHandler.getCount
FNDA:0,OffchainMerkleHandler.getCount
DA:89,0
FN:92,OffchainMerkleHandler.getTotalCount
FNDA:0,OffchainMerkleHandler.getTotalCount
DA:93,0
FN:96,OffchainMerkleHandler.batchLen
FNDA:0,OffchainMerkleHandler.batchLen
DA:97,0
FN:100,OffchainMerkleHandler.accumulatorQueueLength
FNDA:0,OffchainMerkleHandler.accumulatorQueueLength
DA:101,0
FNF:9
FNH:0
LF:17
LH:0
BRF:2
BRH:0
end_of_record
TN:
SF:packages/contracts/contracts/test/invariant/actors/WalletHandler.sol
FN:81,WalletHandler.callSummary
FNDA:0,WalletHandler.callSummary
DA:82,0
DA:83,0
DA:84,0
DA:85,0
DA:87,0
DA:88,0
DA:89,0
DA:92,0
DA:93,0
DA:94,0
DA:96,0
DA:97,0
DA:100,0
FN:106,WalletHandler.processBundle
FNDA:0,WalletHandler.processBundle
DA:107,0
DA:110,0
DA:124,0
DA:125,0
DA:126,0
DA:128,0
DA:131,0
DA:133,0
BRDA:133,0,0,-
BRDA:133,0,1,-
DA:134,0
DA:137,0
DA:138,0
BRDA:138,1,0,-
BRDA:138,1,1,-
DA:139,0
BRDA:139,2,0,-
BRDA:139,2,1,-
DA:140,0
DA:141,0
BRDA:141,3,0,-
BRDA:141,3,1,-
DA:142,0
DA:143,0
DA:144,0
DA:146,0
FN:152,WalletHandler.ghost_totalTransferredOutOfWallet
FNDA:0,WalletHandler.ghost_totalTransferredOutOfWallet
DA:157,0
DA:158,0
DA:159,0
DA:161,0
DA:162,0
DA:164,0
FN:167,WalletHandler.ghost_totalSwapErc20Received
FNDA:0,WalletHandler.ghost_totalSwapErc20Received
DA:168,0
DA:169,0
DA:170,0
DA:172,0
FN:175,WalletHandler.ghost_totalSwapErc1155ReceivedForId
FNDA:0,WalletHandler.ghost_totalSwapErc1155ReceivedForId
DA:178,0
DA:179,0
DA:180,0
BRDA:180,4,0,-
BRDA:180,4,1,-
DA:181,0
DA:184,0
FN:187,WalletHandler.ghost_swapErc721IdsReceived
FNDA:0,WalletHandler.ghost_swapErc721IdsReceived
DA:192,0
FN:195,WalletHandler.ghost_swapErc1155IdsReceived
FNDA:0,WalletHandler.ghost_swapErc1155IdsReceived
DA:200,0
FNF:7
FNH:0
LF:48
LH:0
BRF:10
BRH:0
end_of_record
TN:
SF:packages/contracts/contracts/test/invariant/helpers/AddressSet.sol
FN:10,LibAddressSet.addresses
FNDA:0,LibAddressSet.addresses
DA:13,0
FN:16,LibAddressSet.add
FNDA:0,LibAddressSet.add
DA:17,0
BRDA:17,0,0,-
BRDA:17,0,1,-
DA:18,0
DA:19,0
FN:23,LibAddressSet.contains
FNDA:0,LibAddressSet.contains
DA:27,0
FN:30,LibAddressSet.count
FNDA:0,LibAddressSet.count
DA:31,0
FN:34,LibAddressSet.rand
FNDA:0,LibAddressSet.rand
DA:38,0
BRDA:38,1,0,-
BRDA:38,1,1,-
DA:39,0
DA:41,0
FN:45,LibAddressSet.forEach
FNDA:0,LibAddressSet.forEach
DA:49,0
DA:50,0
FN:54,LibAddressSet.reduce
FNDA:0,LibAddressSet.reduce
DA:59,0
DA:60,0
DA:62,0
FNF:7
FNH:0
LF:14
LH:0
BRF:4
BRH:0
end_of_record
TN:
SF:packages/contracts/contracts/test/invariant/helpers/DepositRequestArray.sol
FN:7,LibDepositRequestArray.pop
FNDA:0,LibDepositRequestArray.pop
DA:8,0
BRDA:8,0,0,-
BRDA:8,0,1,-
DA:9,0
DA:10,0
FN:13,LibDepositRequestArray.getRandom
FNDA:0,LibDepositRequestArray.getRandom
DA:17,0
BRDA:17,1,0,-
BRDA:17,1,1,-
DA:18,0
DA:19,0
DA:21,0
FNF:2
FNH:0
LF:7
LH:0
BRF:4
BRH:0
end_of_record
TN:
SF:packages/contracts/contracts/test/invariant/helpers/DepositSumSet.sol
FN:9,LibDepositSumSet.addToActorSum
FNDA:0,LibDepositSumSet.addToActorSum
DA:14,0
BRDA:14,0,0,-
BRDA:14,0,1,-
DA:15,0
DA:18,0
FN:21,LibDepositSumSet.getSumForActor
FNDA:0,LibDepositSumSet.getSumForActor
DA:25,0
FN:28,LibDepositSumSet.getTotalForAll
FNDA:0,LibDepositSumSet.getTotalForAll
DA:31,0
DA:33,0
DA:34,0
DA:35,0
DA:38,0
FNF:3
FNH:0
LF:9
LH:0
BRF:2
BRH:0
end_of_record
TN:
SF:packages/contracts/contracts/test/invariant/helpers/OperationGenerator.sol
FN:50,OperationGenerator._generateRandomOperation
FNDA:0,OperationGenerator._generateRandomOperation
DA:58,0
DA:65,0
DA:68,0
DA:75,0
DA:76,0
DA:77,0
DA:79,0
DA:80,0
DA:81,0
DA:82,0
DA:85,0
DA:86,0
DA:87,0
DA:88,0
DA:96,0
BRDA:96,0,0,-
BRDA:96,0,1,-
DA:97,0
DA:98,0
DA:101,0
DA:103,0
BRDA:103,1,0,-
BRDA:103,1,1,-
DA:104,0
DA:109,0
DA:112,0
DA:113,0
DA:115,0
DA:121,0
DA:122,0
DA:124,0
DA:132,0
DA:133,0
DA:141,0
DA:142,0
DA:143,0
DA:147,0
DA:161,0
DA:165,0
DA:168,0
DA:169,0
FN:174,OperationGenerator._createRandomSwapRequest
FNDA:0,OperationGenerator._createRandomSwapRequest
DA:179,0
DA:185,0
DA:190,0
DA:194,0
DA:195,0
DA:196,0
DA:209,0
FN:212,OperationGenerator._randomizeJoinSplitAmounts
FNDA:0,OperationGenerator._randomizeJoinSplitAmounts
DA:216,0
DA:217,0
DA:219,0
DA:220,0
DA:222,0
DA:223,0
DA:224,0
DA:228,0
DA:230,0
FN:233,OperationGenerator._getRandomErc721Id
FNDA:0,OperationGenerator._getRandomErc721Id
DA:237,0
DA:238,0
BRDA:238,2,0,-
BRDA:238,2,1,-
DA:239,0
DA:240,0
DA:243,0
FNF:4
FNH:0
LF:58
LH:0
BRF:6
BRH:0
end_of_record
TN:
SF:packages/contracts/contracts/test/invariant/helpers/TokenIdSet.sol
FN:10,LibTokenIdSet.getIds
FNDA:0,LibTokenIdSet.getIds
DA:13,0
FN:16,LibTokenIdSet.add
FNDA:0,LibTokenIdSet.add
DA:17,0
BRDA:17,0,0,-
BRDA:17,0,1,-
DA:18,0
DA:19,0
FN:23,LibTokenIdSet.contains
FNDA:0,LibTokenIdSet.contains
DA:27,0
FN:30,LibTokenIdSet.count
FNDA:0,LibTokenIdSet.count
DA:31,0
FN:34,LibTokenIdSet.rand
FNDA:0,LibTokenIdSet.rand
DA:38,0
BRDA:38,1,0,-
BRDA:38,1,1,-
DA:39,0
DA:41,0
FN:45,LibTokenIdSet.forEach
FNDA:0,LibTokenIdSet.forEach
DA:49,0
DA:50,0
FN:54,LibTokenIdSet.reduce
FNDA:0,LibTokenIdSet.reduce
DA:59,0
DA:60,0
DA:62,0
FNF:7
FNH:0
LF:14
LH:0
BRF:4
BRH:0
end_of_record
TN:
SF:packages/contracts/contracts/test/tokens/SimpleERC1155Token.sol
FN:12,SimpleERC1155Token.reserveTokens
FNDA:6,SimpleERC1155Token.reserveTokens
DA:17,6
FNF:1
FNH:1
LF:1
LH:1
BRF:0
BRH:0
end_of_record
TN:
SF:packages/contracts/contracts/test/tokens/SimpleERC20Token.sol
FN:12,SimpleERC20Token.reserveTokens
FNDA:48,SimpleERC20Token.reserveTokens
DA:16,48
FNF:1
FNH:1
LF:1
LH:1
BRF:0
BRH:0
end_of_record
TN:
SF:packages/contracts/contracts/test/tokens/SimpleERC721Token.sol
FN:12,SimpleERC721Token.reserveToken
FNDA:5,SimpleERC721Token.reserveToken
DA:16,5
FN:19,SimpleERC721Token.exists
FNDA:0,SimpleERC721Token.exists
DA:20,0
FNF:2
FNH:1
LF:2
LH:1
BRF:0
BRH:0
end_of_record
TN:
SF:packages/contracts/contracts/test/tokens/WETH9.sol
FN:22,WETH9.deposit
FNDA:1,WETH9.deposit
DA:23,1
DA:24,1
FN:27,WETH9.withdraw
FNDA:0,WETH9.withdraw
DA:28,0
BRDA:28,0,0,-
BRDA:28,0,1,-
DA:29,0
DA:30,0
DA:31,0
FN:34,WETH9.totalSupply
FNDA:0,WETH9.totalSupply
DA:35,0
FN:38,WETH9.approve
FNDA:0,WETH9.approve
DA:39,0
DA:40,0
DA:41,0
FN:44,WETH9.transfer
FNDA:0,WETH9.transfer
DA:45,0
FN:48,WETH9.transferFrom
FNDA:0,WETH9.transferFrom
DA:53,0
BRDA:53,1,0,-
BRDA:53,1,1,-
DA:56,0
BRDA:55,2,0,-
BRDA:55,2,1,-
DA:58,0
BRDA:58,3,0,-
BRDA:58,3,1,-
DA:59,0
DA:62,0
DA:63,0
DA:65,0
DA:67,0
FNF:6
FNH:1
LF:19
LH:2
BRF:8
BRH:0
end_of_record
TN:
SF:packages/contracts/contracts/test/utils/BinaryMerkle.sol
FN:32,BinaryMerkle.initialize
FNDA:0,BinaryMerkle.initialize
DA:38,0
BRDA:38,0,0,-
BRDA:38,0,1,-
DA:39,0
BRDA:39,1,0,-
BRDA:39,1,1,-
DA:44,0
DA:45,0
DA:47,0
DA:48,0
DA:49,0
DA:52,0
FN:58,BinaryMerkle.insert
FNDA:0,BinaryMerkle.insert
DA:59,0
BRDA:59,2,0,-
BRDA:59,2,1,-
DA:60,0
BRDA:60,3,0,-
BRDA:60,3,1,-
DA:65,0
DA:66,0
DA:68,0
DA:69,0
BRDA:69,4,0,-
BRDA:69,4,1,-
DA:70,0
DA:72,0
DA:75,0
DA:76,0
DA:79,0
DA:80,0
FN:83,BinaryMerkle.insert2
FNDA:0,BinaryMerkle.insert2
DA:87,0
DA:88,0
BRDA:88,5,0,-
BRDA:88,5,1,-
DA:93,0
BRDA:93,6,0,-
BRDA:93,6,1,-
DA:98,0
DA:99,0
DA:101,0
DA:102,0
BRDA:102,7,0,-
BRDA:102,7,1,-
DA:103,0
DA:105,0
DA:108,0
DA:109,0
DA:112,0
DA:113,0
FN:116,BinaryMerkle.insert8
FNDA:0,BinaryMerkle.insert8
DA:120,0
DA:121,0
BRDA:121,8,0,-
BRDA:121,8,1,-
DA:126,0
BRDA:126,9,0,-
BRDA:126,9,1,-
DA:131,0
DA:133,0
DA:135,0
DA:136,0
BRDA:136,10,0,-
BRDA:136,10,1,-
DA:137,0
DA:139,0
DA:142,0
DA:143,0
DA:146,0
DA:147,0
FN:151,BinaryMerkle.insert16
FNDA:0,BinaryMerkle.insert16
DA:155,0
DA:156,0
BRDA:156,11,0,-
BRDA:156,11,1,-
DA:161,0
BRDA:161,12,0,-
BRDA:161,12,1,-
DA:166,0
DA:167,0
DA:169,0
DA:170,0
BRDA:170,13,0,-
BRDA:170,13,1,-
DA:171,0
DA:173,0
DA:176,0
DA:177,0
DA:180,0
DA:181,0
FN:184,BinaryMerkle.getRootFrom8
FNDA:0,BinaryMerkle.getRootFrom8
DA:188,0
DA:195,0
DA:202,0
FN:205,BinaryMerkle.getRootFrom16
FNDA:0,BinaryMerkle.getRootFrom16
DA:209,0
DA:210,0
DA:211,0
DA:212,0
DA:213,0
DA:215,0
FNF:7
FNH:0
LF:68
LH:0
BRF:28
BRH:0
end_of_record
TN:
SF:packages/contracts/contracts/test/utils/EventParsing.sol
FN:8,EventParsing.decodeDepositRequestFromEvent
FNDA:1,EventParsing.decodeDepositRequestFromEvent
DA:11,1
DA:12,1
DA:22,1
DA:37,1
FNF:1
FNH:1
LF:4
LH:4
BRF:0
BRH:0
end_of_record
TN:
SF:packages/contracts/contracts/test/utils/ForgeUtils.sol
FN:25,ForgeUtils.vmExpectOperationProcessed
FNDA:0,ForgeUtils.vmExpectOperationProcessed
DA:28,0
DA:29,0
DA:30,0
DA:32,0
FNF:1
FNH:0
LF:4
LH:0
BRF:0
BRH:0
end_of_record
TN:
SF:packages/contracts/contracts/test/utils/JsonDecodings.sol
FN:60,JsonDecodings.loadFixtureJson
FNDA:0,JsonDecodings.loadFixtureJson
DA:63,0
DA:64,0
FN:67,JsonDecodings.baseProofTo8
FNDA:0,JsonDecodings.baseProofTo8
DA:70,0
FN:82,JsonDecodings.loadSignedDepositRequestFixture
FNDA:0,JsonDecodings.loadSignedDepositRequestFixture
DA:85,0
DA:88,0
DA:89,0
DA:92,0
DA:93,0
DA:97,0
DA:98,0
DA:99,0
DA:101,0
FN:121,JsonDecodings.extractSimpleDepositRequestFixtureTypes
FNDA:0,JsonDecodings.extractSimpleDepositRequestFixtureTypes
DA:124,0
DA:125,0
DA:126,0
DA:127,0
DA:128,0
DA:129,0
DA:131,0
FN:142,JsonDecodings.extractSimpleSignedDepositRequestTypes
FNDA:0,JsonDecodings.extractSimpleSignedDepositRequestTypes
DA:145,0
DA:146,0
DA:149,0
DA:152,0
DA:156,0
FN:165,JsonDecodings.extractEncodedAsset
FNDA:0,JsonDecodings.extractEncodedAsset
DA:168,0
DA:171,0
DA:175,0
FN:182,JsonDecodings.extractDepositAddr
FNDA:0,JsonDecodings.extractDepositAddr
DA:185,0
DA:188,0
DA:191,0
DA:194,0
DA:198,0
FN:202,JsonDecodings.extractSignature
FNDA:0,JsonDecodings.extractSignature
DA:205,0
DA:206,0
DA:207,0
DA:208,0
DA:210,0
DA:211,0
FN:214,JsonDecodings.loadJoinSplitProofFromFixture
FNDA:0,JsonDecodings.loadJoinSplitProofFromFixture
DA:217,0
DA:218,0
DA:219,0
DA:221,0
DA:222,0
DA:223,0
DA:227,0
DA:229,0
DA:230,0
DA:231,0
DA:234,0
FN:241,JsonDecodings.loadSubtreeUpdateProofFromFixture
FNDA:0,JsonDecodings.loadSubtreeUpdateProofFromFixture
DA:244,0
DA:245,0
DA:246,0
DA:248,0
DA:249,0
DA:250,0
DA:254,0
DA:256,0
DA:257,0
DA:258,0
DA:261,0
FNF:10
FNH:0
LF:60
LH:0
BRF:0
BRH:0
end_of_record
TN:
SF:packages/contracts/contracts/test/utils/NocturneUtils.sol
FN:41,NocturneUtils.defaultStealthAddress
FNDA:0,NocturneUtils.defaultStealthAddress
DA:46,0
FN:55,NocturneUtils.dummyProof
FNDA:0,NocturneUtils.dummyProof
DA:56,0
DA:57,0
FN:61,NocturneUtils.fillJoinSplitPublicSpends
FNDA:0,NocturneUtils.fillJoinSplitPublicSpends
DA:65,0
DA:66,0
DA:67,0
DA:69,0
FN:72,NocturneUtils.formatDepositRequest
FNDA:63,NocturneUtils.formatDepositRequest
DA:81,63
DA:87,63
FN:98,NocturneUtils.formatSingleTransferActionArray
FNDA:21,NocturneUtils.formatSingleTransferActionArray
DA:103,21
DA:104,21
DA:111,21
FN:114,NocturneUtils.formatTransferAction
FNDA:0,NocturneUtils.formatTransferAction
DA:117,21
FN:128,NocturneUtils.formatOperation
FNDA:0,NocturneUtils.formatOperation
DA:131,0
DA:132,0
BRDA:132,0,0,-
BRDA:132,0,1,-
DA:133,0
DA:135,0
BRDA:134,1,0,-
BRDA:134,1,1,-
DA:137,0
BRDA:137,2,0,-
BRDA:137,2,1,-
DA:143,0
DA:144,0
DA:155,0
DA:167,0
DA:174,0
DA:177,0
DA:178,0
DA:179,0
DA:180,0
BRDA:180,3,0,-
BRDA:180,3,1,-
DA:181,0
DA:182,0
DA:184,0
BRDA:183,4,0,-
BRDA:183,4,1,-
DA:188,0
DA:189,0
DA:191,0
BRDA:190,5,0,-
BRDA:190,5,1,-
DA:195,0
DA:196,0
DA:198,0
DA:199,0
DA:201,0
DA:217,0
DA:218,0
BRDA:218,6,0,-
BRDA:218,6,1,-
DA:219,0
DA:222,0
DA:224,0
BRDA:223,7,0,-
BRDA:223,7,1,-
DA:226,0
DA:229,0
DA:247,0
FN:250,NocturneUtils.formatDummyOperationResult
FNDA:0,NocturneUtils.formatDummyOperationResult
DA:253,0
FNF:8
FNH:2
LF:47
LH:6
BRF:16
BRH:0
end_of_record
TN:
SF:packages/contracts/contracts/test/utils/Pairing.sol
FN:25,Pairing.P1
FNDA:0,Pairing.P1
DA:26,0
FN:30,Pairing.P2
FNDA:0,Pairing.P2
DA:31,0
FN:45,Pairing.negate
FNDA:0,Pairing.negate
DA:46,0
BRDA:46,0,0,-
BRDA:46,0,1,-
DA:48,0
BRDA:48,1,0,-
BRDA:48,1,1,-
DA:49,0
DA:51,0
FN:55,Pairing.addition
FNDA:0,Pairing.addition
DA:61,0
DA:62,0
DA:63,0
DA:64,0
DA:65,0
DA:66,0
DA:69,0
DA:71,0
BRDA:71,2,0,-
BRDA:71,2,1,-
FN:76,Pairing.scalar_mul
FNDA:0,Pairing.scalar_mul
DA:82,0
BRDA:82,3,0,-
BRDA:82,3,1,-
DA:83,0
DA:84,0
DA:85,0
DA:86,0
DA:87,0
DA:90,0
DA:92,0
BRDA:92,4,0,-
BRDA:92,4,1,-
FN:98,Pairing.pairingCheck
FNDA:0,Pairing.pairingCheck
DA:104,0
BRDA:104,5,0,-
BRDA:104,5,1,-
DA:105,0
DA:106,0
DA:107,0
DA:108,0
DA:109,0
DA:110,0
DA:111,0
DA:112,0
DA:113,0
DA:114,0
DA:116,0
DA:117,0
DA:120,0
DA:129,0
BRDA:129,6,0,-
BRDA:129,6,1,-
FNF:6
FNH:0
LF:37
LH:0
BRF:14
BRH:0
end_of_record
TN:
SF:packages/contracts/contracts/test/utils/ParseUtils.sol
FN:6,ParseUtils.fromHexChar
FNDA:0,ParseUtils.fromHexChar
DA:7,0
BRDA:7,0,0,-
BRDA:7,0,1,-
DA:8,0
DA:10,0
BRDA:10,1,0,-
BRDA:10,1,1,-
DA:11,0
DA:13,0
BRDA:13,2,0,-
BRDA:13,2,1,-
DA:14,0
DA:16,0
FN:20,ParseUtils.hexToBytes
FNDA:0,ParseUtils.hexToBytes
DA:21,0
DA:22,0
BRDA:22,3,0,-
BRDA:22,3,1,-
DA:23,0
DA:24,0
DA:25,0
DA:31,0
FN:34,ParseUtils.rsvToSignatureBytes
FNDA:0,ParseUtils.rsvToSignatureBytes
DA:39,0
DA:44,0
DA:46,0
FN:50,ParseUtils.parseInt
FNDA:0,ParseUtils.parseInt
DA:51,0
DA:52,0
DA:53,0
DA:54,0
DA:55,0
BRDA:55,4,0,-
BRDA:55,4,1,-
DA:56,0
DA:59,0
FN:62,ParseUtils.hasSubstring
FNDA:0,ParseUtils.hasSubstring
DA:66,0
DA:67,0
DA:69,0
BRDA:69,5,0,-
BRDA:69,5,1,-
DA:70,0
DA:73,0
DA:74,0
DA:75,0
DA:76,0
BRDA:76,6,0,-
BRDA:76,6,1,-
DA:77,0
DA:78,0
DA:81,0
BRDA:81,7,0,-
BRDA:81,7,1,-
DA:82,0
DA:86,0
FNF:5
FNH:0
LF:36
LH:0
BRF:16
BRH:0
end_of_record
TN:
SF:packages/contracts/contracts/test/utils/PoseidonDeployer.sol
FN:15,PoseidonDeployer.deployPoseidon3Through6
FNDA:0,PoseidonDeployer.deployPoseidon3Through6
DA:16,0
DA:17,0
DA:19,0
DA:20,0
DA:24,0
DA:25,0
DA:27,0
DA:28,0
DA:30,0
DA:32,0
DA:34,0
DA:37,0
DA:38,0
DA:39,0
DA:40,0
FNF:1
FNH:0
LF:15
LH:0
BRF:0
BRH:0
end_of_record
TN:
SF:packages/contracts/contracts/test/utils/PoseidonHashers.sol
FN:70,PoseidonHasherT7.hash
FNDA:0,PoseidonHasherT7.hash
DA:73,0
FN:42,PoseidonHasherT5.hash
FNDA:0,PoseidonHasherT5.hash
DA:45,0
FN:14,PoseidonHasherT3.hash
FNDA:2008,PoseidonHasherT3.hash
DA:17,2008
FN:56,PoseidonHasherT6.hash
FNDA:46,PoseidonHasherT6.hash
DA:59,46
FN:28,PoseidonHasherT4.hash
FNDA:0,PoseidonHasherT4.hash
DA:31,0
FNF:5
FNH:2
LF:5
LH:2
BRF:0
BRH:0
end_of_record
TN:
SF:packages/contracts/contracts/test/utils/ReentrantCaller.sol
FN:28,ReentrantCaller.formatOperation
FNDA:1,ReentrantCaller.formatOperation
DA:29,1
FN:52,ReentrantCaller.reentrantProcessBundle
FNDA:1,ReentrantCaller.reentrantProcessBundle
DA:54,1
DA:55,1
DA:56,1
FN:59,ReentrantCaller.reentrantHandleOperation
FNDA:0,ReentrantCaller.reentrantHandleOperation
DA:60,0
DA:61,0
FN:64,ReentrantCaller.reentrantExecuteActions
FNDA:0,ReentrantCaller.reentrantExecuteActions
DA:65,0
DA:66,0
FNF:4
FNH:2
LF:8
LH:4
BRF:0
BRH:0
end_of_record
TN:
SF:packages/contracts/contracts/test/utils/TokenSwapper.sol
FN:26,TokenSwapper.swap
FNDA:2,TokenSwapper.swap
DA:27,2
DA:33,1
BRDA:33,0,0,-
BRDA:33,0,1,1
DA:34,1
DA:38,1
DA:43,1
BRDA:43,1,0,-
BRDA:43,1,1,1
DA:44,1
DA:48,1
DA:54,1
BRDA:54,2,0,-
BRDA:54,2,1,1
DA:55,1
DA:60,1
FN:70,TokenSwapper.supportsInterface
FNDA:0,TokenSwapper.supportsInterface
DA:73,0
FN:78,TokenSwapper.onERC721Received
FNDA:1,TokenSwapper.onERC721Received
DA:84,1
FN:87,TokenSwapper.onERC1155Received
FNDA:1,TokenSwapper.onERC1155Received
DA:94,1
FN:97,TokenSwapper.onERC1155BatchReceived
FNDA:0,TokenSwapper.onERC1155BatchReceived
DA:104,0
FNF:5
FNH:3
LF:14
LH:12
BRF:6
BRH:3
end_of_record
TN:
SF:packages/contracts/contracts/test/utils/TreeTest.sol
FN:17,TreeTestLib.initialize
FNDA:0,TreeTestLib.initialize
DA:22,0
DA:23,0
FN:26,TreeTestLib.computeSubtreeRoot
FNDA:0,TreeTestLib.computeSubtreeRoot
DA:30,0
BRDA:30,0,0,-
BRDA:30,0,1,-
DA:31,0
DA:32,0
DA:33,0
DA:37,0
DA:38,0
DA:39,0
DA:41,0
DA:42,0
DA:43,0
DA:44,0
DA:48,0
FN:53,TreeTestLib.computeInitialRoot
FNDA:0,TreeTestLib.computeInitialRoot
DA:57,0
DA:58,0
DA:60,0
DA:63,0
DA:65,0
DA:66,0
DA:67,0
DA:69,0
DA:70,0
DA:73,0
FN:78,TreeTestLib.computeNewRoot
FNDA:0,TreeTestLib.computeNewRoot
DA:84,0
DA:85,0
DA:86,0
DA:88,0
DA:91,0
DA:93,0
DA:94,0
DA:95,0
DA:97,0
BRDA:97,1,0,-
BRDA:97,1,1,-
DA:98,0
DA:100,0
DA:103,0
DA:104,0
DA:107,0
FN:110,TreeTestLib.computeNoteCommitment
FNDA:0,TreeTestLib.computeNoteCommitment
DA:114,0
DA:115,0
FNF:5
FNH:0
LF:40
LH:0
BRF:4
BRH:0
end_of_record
