TN:
SF:packages/contracts/contracts/BalanceManager.sol
FN:29,BalanceManager.__BalanceManager_init
FNDA:0,BalanceManager.__BalanceManager_init
DA:33,0
DA:34,0
FN:44,BalanceManager._addToAssetPrefill
FNDA:5,BalanceManager._addToAssetPrefill
DA:48,4
DA:49,4
DA:51,4
DA:52,4
FN:66,BalanceManager._processJoinSplitsReservingFee
FNDA:27,BalanceManager._processJoinSplitsReservingFee
DA:70,27
DA:71,27
DA:73,27
DA:74,27
DA:77,50
DA:80,44
DA:85,44
BRDA:84,0,0,-
BRDA:84,0,1,22
DA:90,22
DA:95,22
DA:97,22
DA:101,44
BRDA:101,1,0,1
BRDA:101,1,1,34
DA:102,35
DA:108,20
BRDA:108,2,0,2
BRDA:108,2,1,18
FN:111,BalanceManager._gatherReservedGasAssetAndPayBundler
FNDA:14,BalanceManager._gatherReservedGasAssetAndPayBundler
DA:117,14
DA:118,14
DA:120,14
BRDA:120,3,0,-
BRDA:120,3,1,10
DA:124,10
DA:126,10
DA:128,10
FN:136,BalanceManager._totalNumRefundsToHandle
FNDA:22,BalanceManager._totalNumRefundsToHandle
DA:139,22
FN:150,BalanceManager._handleAllRefunds
FNDA:16,BalanceManager._handleAllRefunds
DA:151,16
DA:152,16
DA:153,28
DA:156,16
DA:157,16
DA:158,5
DA:161,16
DA:162,16
DA:163,2
DA:165,16
FN:168,BalanceManager._handleRefundForAsset
FNDA:35,BalanceManager._handleRefundForAsset
DA:172,35
DA:173,35
DA:175,35
DA:176,35
BRDA:176,4,0,19
BRDA:176,4,1,35
DA:177,19
DA:178,19
DA:183,19
FNF:7
FNH:6
LF:43
LH:41
BRF:10
BRH:8
end_of_record
TN:
SF:packages/contracts/contracts/CommitmentTreeManager.sol
FN:48,CommitmentTreeManager.__CommitmentTreeManager_init
FNDA:0,CommitmentTreeManager.__CommitmentTreeManager_init
DA:51,0
DA:52,0
DA:53,0
FN:56,CommitmentTreeManager.applySubtreeUpdate
FNDA:21,CommitmentTreeManager.applySubtreeUpdate
DA:60,21
BRDA:60,0,0,-
BRDA:60,0,1,21
DA:62,21
DA:63,21
DA:64,21
DA:66,21
FN:69,CommitmentTreeManager.root
FNDA:39,CommitmentTreeManager.root
DA:70,39
FN:73,CommitmentTreeManager.count
FNDA:0,CommitmentTreeManager.count
DA:74,0
FN:77,CommitmentTreeManager.totalCount
FNDA:3,CommitmentTreeManager.totalCount
DA:78,3
FN:87,CommitmentTreeManager._handleJoinSplit
FNDA:50,CommitmentTreeManager._handleJoinSplit
DA:89,50
BRDA:89,1,0,2
BRDA:89,1,1,48
DA:93,48
BRDA:93,2,0,-
BRDA:93,2,1,48
DA:97,48
BRDA:97,3,0,2
BRDA:97,3,1,46
DA:101,46
BRDA:101,4,0,2
BRDA:101,4,1,44
DA:107,44
DA:108,44
DA:111,44
DA:112,44
DA:114,44
DA:115,44
DA:116,44
DA:117,44
DA:119,44
FN:128,CommitmentTreeManager._handleRefundNote
FNDA:96,CommitmentTreeManager._handleRefundNote
DA:133,96
DA:134,96
DA:143,96
DA:145,96
FN:155,CommitmentTreeManager._fillBatchWithZeros
FNDA:22,CommitmentTreeManager._fillBatchWithZeros
DA:156,22
BRDA:156,5,0,-
BRDA:156,5,1,22
DA:158,22
DA:159,22
DA:160,22
FN:163,CommitmentTreeManager._insertNote
FNDA:96,CommitmentTreeManager._insertNote
DA:164,96
DA:165,96
FN:168,CommitmentTreeManager._insertNoteCommitments
FNDA:66,CommitmentTreeManager._insertNoteCommitments
DA:169,66
DA:170,66
FNF:10
FNH:8
LF:36
LH:32
BRF:12
BRH:9
end_of_record
TN:
SF:packages/contracts/contracts/DepositManager.sol
FN:79,DepositManager.initialize
FNDA:0,DepositManager.initialize
DA:85,0
DA:86,0
DA:87,0
DA:88,0
FN:148,DepositManager.setScreenerPermission
FNDA:0,DepositManager.setScreenerPermission
DA:152,0
DA:153,0
FN:156,DepositManager.setErc20Cap
FNDA:0,DepositManager.setErc20Cap
DA:162,0
BRDA:162,0,0,-
BRDA:162,0,1,-
DA:166,0
BRDA:166,1,0,-
BRDA:166,1,1,-
DA:170,0
FN:179,DepositManager.instantiateErc20MultiDeposit
FNDA:19,DepositManager.instantiateErc20MultiDeposit
DA:184,17
BRDA:184,2,0,-
BRDA:184,2,1,17
DA:187,17
DA:193,17
DA:194,17
DA:195,17
DA:204,17
DA:205,26
DA:206,26
DA:208,26
DA:209,26
DA:211,26
DA:222,17
DA:224,17
DA:225,17
FN:228,DepositManager.instantiateETHMultiDeposit
FNDA:2,DepositManager.instantiateETHMultiDeposit
DA:237,2
DA:238,2
BRDA:238,3,0,1
BRDA:238,3,1,1
DA:240,1
DA:241,1
BRDA:241,4,0,-
BRDA:241,4,1,1
DA:243,1
DA:249,1
DA:250,1
DA:251,1
DA:260,1
DA:261,1
DA:262,1
DA:264,1
DA:265,1
DA:267,1
DA:277,1
DA:279,1
FN:285,DepositManager.retrieveDeposit
FNDA:3,DepositManager.retrieveDeposit
DA:288,3
BRDA:288,5,0,1
BRDA:288,5,1,2
DA:292,2
DA:293,2
BRDA:293,6,0,1
BRDA:293,6,1,1
DA:296,1
DA:299,1
DA:302,1
DA:304,1
FN:314,DepositManager.completeErc20Deposit
FNDA:25,DepositManager.completeErc20Deposit
DA:318,24
FN:321,DepositManager._completeDeposit
FNDA:24,DepositManager._completeDeposit
DA:325,24
DA:328,24
DA:329,24
BRDA:329,7,0,1
BRDA:329,7,1,23
DA:333,23
DA:334,23
BRDA:334,8,0,1
BRDA:334,8,1,22
DA:337,22
DA:340,22
DA:341,22
DA:350,22
DA:351,22
DA:355,22
BRDA:355,9,0,11
BRDA:355,9,1,22
DA:357,11
DA:361,22
DA:362,22
BRDA:362,10,0,12
BRDA:362,10,1,22
DA:364,12
DA:370,22
FNF:8
FNH:5
LF:63
LH:54
BRF:22
BRH:16
end_of_record
TN:
SF:packages/contracts/contracts/DepositManagerBase.sol
FN:32,DepositManagerBase.__DepositManagerBase_init
FNDA:2,DepositManagerBase.__DepositManagerBase_init
DA:36,2
FN:39,DepositManagerBase._recoverDepositRequestSigner
FNDA:25,DepositManagerBase._recoverDepositRequestSigner
DA:43,25
DA:44,25
FN:47,DepositManagerBase._computeDigest
FNDA:0,DepositManagerBase._computeDigest
DA:50,49
DA:51,49
DA:53,49
FN:56,DepositManagerBase._hashDepositRequest
FNDA:116,DepositManagerBase._hashDepositRequest
DA:59,116
FN:73,DepositManagerBase._hashEncodedAsset
FNDA:116,DepositManagerBase._hashEncodedAsset
DA:76,116
FN:86,DepositManagerBase._hashStealthAddress
FNDA:116,DepositManagerBase._hashStealthAddress
DA:89,116
FNF:6
FNH:5
LF:9
LH:9
BRF:0
BRH:0
end_of_record
TN:
SF:packages/contracts/contracts/Handler.sol
FN:43,Handler.initialize
FNDA:0,Handler.initialize
DA:47,0
DA:48,0
DA:49,0
FN:67,Handler.pause
FNDA:3,Handler.pause
DA:68,2
FN:71,Handler.unpause
FNDA:2,Handler.unpause
DA:72,1
FN:76,Handler.setSubtreeBatchFillerPermission
FNDA:1,Handler.setSubtreeBatchFillerPermission
DA:80,1
DA:81,1
FN:85,Handler.setSupportedContractAllowlistPermission
FNDA:5,Handler.setSupportedContractAllowlistPermission
DA:89,5
DA:90,5
FN:96,Handler.addToAssetPrefill
FNDA:5,Handler.addToAssetPrefill
DA:100,3
FN:103,Handler.fillBatchWithZeros
FNDA:23,Handler.fillBatchWithZeros
DA:104,22
FN:107,Handler.handleDeposit
FNDA:68,Handler.handleDeposit
DA:110,67
DA:111,67
BRDA:111,0,0,1
BRDA:111,0,1,66
DA:116,66
DA:117,66
FN:140,Handler.handleOperation
FNDA:22,Handler.handleOperation
DA:151,19
BRDA:151,1,0,1
BRDA:151,1,1,18
DA:152,18
BRDA:152,2,0,1
BRDA:152,2,1,17
DA:155,17
DA:156,3
DA:159,3
BRDA:159,3,0,-
BRDA:159,3,1,3
DA:167,17
DA:171,13
DA:173,13
DA:174,13
DA:198,13
DA:199,13
DA:200,13
DA:203,13
DA:213,13
DA:214,13
FN:217,Handler.onERC721Received
FNDA:3,Handler.onERC721Received
DA:226,3
BRDA:225,4,0,1
BRDA:225,4,1,2
DA:230,1
DA:234,2
BRDA:234,5,0,2
BRDA:234,5,1,2
DA:235,2
DA:241,2
FN:244,Handler.onERC1155Received
FNDA:4,Handler.onERC1155Received
DA:253,4
BRDA:252,6,0,1
BRDA:252,6,1,3
DA:256,1
DA:260,3
BRDA:260,7,0,2
BRDA:260,7,1,3
DA:261,2
DA:267,3
FN:270,Handler.onERC1155BatchReceived
FNDA:0,Handler.onERC1155BatchReceived
DA:279,0
BRDA:278,8,0,-
BRDA:278,8,1,-
DA:282,0
DA:286,0
BRDA:286,9,0,-
BRDA:286,9,1,-
DA:287,0
DA:288,0
DA:289,0
DA:300,0
FN:303,Handler.supportsInterface
FNDA:0,Handler.supportsInterface
DA:306,0
FN:316,Handler.executeActions
FNDA:15,Handler.executeActions
DA:325,12
DA:326,12
DA:327,12
DA:330,12
DA:331,15
DA:332,13
BRDA:332,10,0,-
BRDA:332,10,1,1
DA:333,1
DA:336,1
BRDA:336,11,0,-
BRDA:336,11,1,1
DA:338,0
DA:340,1
DA:348,9
DA:349,9
BRDA:349,12,0,1
BRDA:349,12,1,8
FN:352,Handler._makeExternalCall
FNDA:15,Handler._makeExternalCall
DA:355,15
BRDA:355,13,0,1
BRDA:355,13,1,14
DA:359,14
BRDA:359,14,0,1
BRDA:359,14,1,13
DA:364,13
FNF:15
FNH:12
LF:63
LH:51
BRF:30
BRH:23
end_of_record
TN:
SF:packages/contracts/contracts/JoinSplitVerifier.sol
FN:9,JoinSplitVerifier.verifyingKey
FNDA:3,JoinSplitVerifier.verifyingKey
DA:14,3
DA:19,3
DA:29,3
DA:39,3
DA:49,3
DA:51,3
DA:56,3
DA:61,3
DA:66,3
DA:71,3
DA:76,3
DA:81,3
DA:86,3
DA:91,3
DA:96,3
DA:101,3
DA:106,3
FN:113,JoinSplitVerifier.verifyProof
FNDA:1,JoinSplitVerifier.verifyProof
DA:117,1
FN:121,JoinSplitVerifier.batchVerifyProofs
FNDA:2,JoinSplitVerifier.batchVerifyProofs
DA:125,2
FNF:3
FNH:3
LF:19
LH:19
BRF:0
BRH:0
end_of_record
TN:
SF:packages/contracts/contracts/NocturneReentrancyGuard.sol
FN:18,NocturneReentrancyGuard.__NocturneReentrancyGuard_init
FNDA:0,NocturneReentrancyGuard.__NocturneReentrancyGuard_init
DA:19,0
FN:59,NocturneReentrancyGuard.reentrancyGuardStage
FNDA:0,NocturneReentrancyGuard.reentrancyGuardStage
DA:60,14
FNF:2
FNH:0
LF:2
LH:1
BRF:0
BRH:0
end_of_record
TN:
SF:packages/contracts/contracts/SubtreeUpdateVerifier.sol
FN:9,SubtreeUpdateVerifier.verifyingKey
FNDA:2,SubtreeUpdateVerifier.verifyingKey
DA:14,2
DA:19,2
DA:29,2
DA:39,2
DA:49,2
DA:51,2
DA:56,2
DA:61,2
DA:66,2
DA:71,2
FN:78,SubtreeUpdateVerifier.verifyProof
FNDA:1,SubtreeUpdateVerifier.verifyProof
DA:82,1
FN:86,SubtreeUpdateVerifier.batchVerifyProofs
FNDA:1,SubtreeUpdateVerifier.batchVerifyProofs
DA:90,1
FNF:3
FNH:3
LF:12
LH:12
BRF:0
BRH:0
end_of_record
TN:
SF:packages/contracts/contracts/Teller.sol
FN:56,Teller.initialize
FNDA:0,Teller.initialize
DA:60,0
DA:61,0
DA:62,0
DA:63,0
FN:81,Teller.pause
FNDA:3,Teller.pause
DA:82,2
FN:85,Teller.unpause
FNDA:2,Teller.unpause
DA:86,1
FN:89,Teller.setDepositSourcePermission
FNDA:3,Teller.setDepositSourcePermission
DA:93,2
DA:94,2
FN:97,Teller.depositFunds
FNDA:80,Teller.depositFunds
DA:100,78
DA:101,77
FN:108,Teller.requestAsset
FNDA:46,Teller.requestAsset
DA:112,45
FN:125,Teller.processBundle
FNDA:19,Teller.processBundle
DA:134,17
DA:135,17
BRDA:135,0,0,-
BRDA:135,0,1,17
DA:137,17
DA:141,17
DA:146,17
BRDA:146,1,0,-
BRDA:146,1,1,17
DA:148,17
DA:149,17
DA:150,17
DA:152,17
DA:172,17
DA:181,17
FN:184,Teller.onERC721Received
FNDA:1,Teller.onERC721Received
DA:190,1
FN:193,Teller.onERC1155Received
FNDA:1,Teller.onERC1155Received
DA:200,1
FN:203,Teller.onERC1155BatchReceived
FNDA:0,Teller.onERC1155BatchReceived
DA:210,0
FN:213,Teller.supportsInterface
FNDA:0,Teller.supportsInterface
DA:216,0
FN:225,Teller._verifyAllProofsMetered
FNDA:17,Teller._verifyAllProofsMetered
DA:229,17
DA:231,17
DA:235,17
BRDA:235,2,0,-
BRDA:235,2,1,9
DA:236,9
DA:238,8
DA:241,17
DA:244,17
FNF:12
FNH:9
LF:33
LH:27
BRF:6
BRH:3
end_of_record
TN:
SF:packages/contracts/contracts/libs/AssetUtils.sol
FN:21,AssetUtils.encodeAsset
FNDA:85,AssetUtils.encodeAsset
DA:26,85
DA:27,85
DA:28,85
BRDA:28,0,0,85
BRDA:28,0,1,-
DA:29,85
DA:30,0
BRDA:30,1,0,-
BRDA:30,1,1,-
DA:31,0
DA:32,0
BRDA:32,2,0,-
BRDA:32,2,1,-
DA:33,0
DA:35,0
DA:38,85
DA:42,85
FN:49,AssetUtils.decodeAsset
FNDA:147,AssetUtils.decodeAsset
DA:56,147
DA:59,147
DA:62,147
DA:64,147
BRDA:64,3,0,147
BRDA:64,3,1,-
DA:65,147
DA:66,0
BRDA:66,4,0,-
BRDA:66,4,1,-
DA:67,0
DA:68,0
BRDA:68,5,0,-
BRDA:68,5,1,-
DA:69,0
DA:71,0
DA:73,147
FN:76,AssetUtils.hashEncodedAsset
FNDA:0,AssetUtils.hashEncodedAsset
DA:79,0
FN:88,AssetUtils.balanceOfAsset
FNDA:0,AssetUtils.balanceOfAsset
DA:91,0
DA:93,0
DA:94,0
BRDA:94,6,0,-
BRDA:94,6,1,-
DA:95,0
DA:96,0
BRDA:96,7,0,-
BRDA:96,7,1,-
DA:98,0
DA:103,0
BRDA:103,8,0,-
BRDA:103,8,1,-
DA:104,0
DA:106,0
FN:112,AssetUtils.transferAssetTo
FNDA:45,AssetUtils.transferAssetTo
DA:117,45
DA:120,45
BRDA:120,9,0,45
BRDA:120,9,1,-
DA:121,45
DA:122,0
BRDA:122,10,0,-
BRDA:122,10,1,-
DA:123,0
BRDA:123,11,0,-
BRDA:123,11,1,-
DA:127,0
DA:128,0
BRDA:128,12,0,-
BRDA:128,12,1,-
DA:130,0
DA:138,0
FN:145,AssetUtils.transferAssetFrom
FNDA:79,AssetUtils.transferAssetFrom
DA:150,79
DA:153,79
BRDA:153,13,0,79
BRDA:153,13,1,-
DA:154,79
DA:155,0
BRDA:155,14,0,-
BRDA:155,14,1,-
DA:156,0
BRDA:156,15,0,-
BRDA:156,15,1,-
DA:161,0
DA:162,0
BRDA:162,16,0,-
BRDA:162,16,1,-
DA:164,0
DA:172,0
FN:179,AssetUtils.approveAsset
FNDA:0,AssetUtils.approveAsset
DA:184,0
DA:188,0
BRDA:188,17,0,-
BRDA:188,17,1,-
DA:190,0
DA:191,0
DA:192,0
BRDA:192,18,0,-
BRDA:192,18,1,-
DA:193,0
BRDA:193,19,0,-
BRDA:193,19,1,-
DA:196,0
DA:197,0
BRDA:197,20,0,-
BRDA:197,20,1,-
DA:199,0
DA:201,0
FN:205,AssetUtils.eq
FNDA:0,AssetUtils.eq
DA:209,0
FNF:8
FNH:4
LF:61
LH:18
BRF:42
BRH:4
end_of_record
TN:
SF:packages/contracts/contracts/libs/Groth16.sol
FN:22,Groth16.verifyProof
FNDA:0,Groth16.verifyProof
DA:27,0
BRDA:27,0,0,-
BRDA:27,0,1,-
DA:28,0
DA:29,0
DA:30,0
BRDA:30,1,0,-
BRDA:30,1,1,-
DA:34,0
DA:40,0
DA:42,0
FN:55,Groth16.accumulate
FNDA:0,Groth16.accumulate
DA:66,0
DA:67,0
DA:68,0
BRDA:68,2,0,-
BRDA:68,2,1,-
DA:73,0
DA:74,0
DA:78,0
DA:81,0
DA:82,0
BRDA:82,3,0,-
BRDA:82,3,1,-
DA:83,0
DA:85,0
DA:88,0
DA:90,0
BRDA:90,4,0,-
BRDA:90,4,1,-
DA:92,0
DA:97,0
DA:98,0
BRDA:98,5,0,-
BRDA:98,5,1,-
DA:103,0
DA:115,0
DA:116,0
DA:119,0
DA:120,0
DA:121,0
DA:128,0
DA:129,0
DA:130,0
DA:131,0
DA:135,0
DA:138,0
DA:140,0
FN:143,Groth16.batchVerifyProofs
FNDA:0,Groth16.batchVerifyProofs
DA:148,0
BRDA:148,6,0,-
BRDA:148,6,1,-
DA:153,0
DA:154,0
DA:155,0
DA:164,0
DA:167,0
DA:169,0
DA:174,0
DA:175,0
DA:179,0
DA:180,0
DA:181,0
DA:183,0
DA:184,0
DA:188,0
DA:189,0
DA:192,0
DA:193,0
DA:196,0
DA:199,0
DA:201,0
FN:204,Groth16._prepareBatch
FNDA:0,Groth16._prepareBatch
DA:211,0
DA:215,0
DA:216,0
DA:220,0
DA:223,0
DA:226,0
DA:227,0
DA:231,0
DA:233,0
FN:236,Groth16._proof8ToStruct
FNDA:0,Groth16._proof8ToStruct
DA:239,0
FNF:5
FNH:0
LF:66
LH:0
BRF:14
BRH:0
end_of_record
TN:
SF:packages/contracts/contracts/libs/OffchainMerkleTree.sol
FN:38,LibOffchainMerkleTree.initialize
FNDA:0,LibOffchainMerkleTree.initialize
DA:43,0
DA:44,0
DA:45,0
DA:46,0
DA:49,0
FN:52,LibOffchainMerkleTree.insertNote
FNDA:0,LibOffchainMerkleTree.insertNote
DA:56,0
DA:57,0
FN:60,LibOffchainMerkleTree.insertNoteCommitments
FNDA:0,LibOffchainMerkleTree.insertNoteCommitments
DA:64,0
DA:65,0
BRDA:65,0,0,-
BRDA:65,0,1,-
DA:66,0
FN:70,LibOffchainMerkleTree.applySubtreeUpdate
FNDA:0,LibOffchainMerkleTree.applySubtreeUpdate
DA:75,0
DA:77,0
BRDA:77,1,0,-
BRDA:77,1,1,-
DA:82,0
DA:83,0
DA:84,0
FN:88,LibOffchainMerkleTree.getRoot
FNDA:0,LibOffchainMerkleTree.getRoot
DA:91,0
FN:95,LibOffchainMerkleTree.getCount
FNDA:0,LibOffchainMerkleTree.getCount
DA:98,0
FN:102,LibOffchainMerkleTree.getTotalCount
FNDA:0,LibOffchainMerkleTree.getTotalCount
DA:105,0
FN:112,LibOffchainMerkleTree.getAccumulatorHash
FNDA:1,LibOffchainMerkleTree.getAccumulatorHash
DA:115,1
FN:118,LibOffchainMerkleTree._calculatePublicInputs
FNDA:0,LibOffchainMerkleTree._calculatePublicInputs
DA:122,0
DA:123,0
DA:126,0
DA:131,0
DA:132,0
DA:133,0
DA:134,0
DA:135,0
DA:137,0
FN:140,LibOffchainMerkleTree._computeAccumulatorHash
FNDA:0,LibOffchainMerkleTree._computeAccumulatorHash
DA:143,0
BRDA:143,2,0,-
BRDA:143,2,1,-
DA:148,0
DA:149,0
DA:150,0
DA:153,0
FN:156,LibOffchainMerkleTree._accumulate
FNDA:0,LibOffchainMerkleTree._accumulate
DA:157,0
BRDA:157,3,0,-
BRDA:157,3,1,-
DA:162,0
DA:163,0
DA:164,0
FN:167,LibOffchainMerkleTree._insertUpdate
FNDA:0,LibOffchainMerkleTree._insertUpdate
DA:171,0
DA:172,0
DA:174,0
BRDA:174,4,0,-
BRDA:174,4,1,-
DA:175,0
FNF:12
FNH:1
LF:41
LH:1
BRF:10
BRH:0
end_of_record
TN:
SF:packages/contracts/contracts/libs/OperationUtils.sol
FN:9,OperationUtils.extractJoinSplitProofsAndPis
FNDA:17,OperationUtils.extractJoinSplitProofsAndPis
DA:17,17
DA:20,17
DA:21,17
DA:22,17
DA:25,17
DA:26,17
DA:29,17
DA:32,17
DA:33,17
DA:34,17
DA:35,17
DA:36,31
DA:37,31
DA:38,31
DA:39,31
DA:40,31
DA:41,31
DA:42,31
DA:43,31
DA:44,31
DA:45,31
DA:46,31
DA:47,31
DA:51,31
DA:55,31
DA:59,17
FN:62,OperationUtils.computeOperationDigests
FNDA:17,OperationUtils.computeOperationDigests
DA:65,17
DA:66,17
DA:67,17
DA:68,17
DA:71,17
FN:75,OperationUtils.computeOperationDigest
FNDA:17,OperationUtils.computeOperationDigest
DA:79,17
DA:94,17
DA:104,17
FN:107,OperationUtils.calculateBundlerGasAssetPayout
FNDA:0,OperationUtils.calculateBundlerGasAssetPayout
DA:111,0
DA:113,0
DA:115,0
FN:125,OperationUtils.getRevertMsg
FNDA:4,OperationUtils.getRevertMsg
DA:129,4
BRDA:129,0,0,-
BRDA:129,0,1,4
DA:130,0
DA:135,4
DA:137,4
FN:140,OperationUtils._createJoinSplitsPayload
FNDA:17,OperationUtils._createJoinSplitsPayload
DA:143,17
DA:144,17
DA:145,17
DA:146,31
DA:163,17
FN:166,OperationUtils._createRefundAssetsPayload
FNDA:17,OperationUtils._createRefundAssetsPayload
DA:169,17
DA:170,17
DA:171,3
DA:178,17
FN:181,OperationUtils._createActionsPayload
FNDA:17,OperationUtils._createActionsPayload
DA:184,17
DA:185,17
DA:186,17
DA:187,17
DA:188,20
DA:189,20
DA:196,17
FNF:8
FNH:7
LF:57
LH:53
BRF:2
BRH:1
end_of_record
TN:
SF:packages/contracts/contracts/libs/Pairing.sol
FN:27,Pairing.P1
FNDA:0,Pairing.P1
DA:28,0
FN:32,Pairing.P2
FNDA:0,Pairing.P2
DA:34,0
FN:58,Pairing.negate
FNDA:0,Pairing.negate
DA:60,0
DA:61,0
BRDA:61,0,0,-
BRDA:61,0,1,-
DA:62,0
FN:66,Pairing.addition
FNDA:0,Pairing.addition
DA:70,0
DA:71,0
DA:72,0
DA:73,0
DA:74,0
DA:75,0
DA:78,0
DA:85,0
BRDA:85,1,0,-
BRDA:85,1,1,-
FN:90,Pairing.scalar_mul
FNDA:0,Pairing.scalar_mul
DA:94,0
DA:95,0
DA:96,0
DA:97,0
DA:98,0
DA:101,0
DA:108,0
BRDA:108,2,0,-
BRDA:108,2,1,-
FN:115,Pairing.pairing
FNDA:0,Pairing.pairing
DA:119,0
BRDA:119,3,0,-
BRDA:119,3,1,-
DA:120,0
DA:121,0
DA:122,0
DA:123,0
DA:124,0
DA:125,0
DA:126,0
DA:127,0
DA:128,0
DA:129,0
DA:131,0
DA:132,0
DA:135,0
DA:149,0
BRDA:149,4,0,-
BRDA:149,4,1,-
DA:150,0
FN:154,Pairing.pairingProd2
FNDA:0,Pairing.pairingProd2
DA:160,0
DA:161,0
DA:162,0
DA:163,0
DA:164,0
DA:165,0
DA:166,0
FN:170,Pairing.pairingProd3
FNDA:0,Pairing.pairingProd3
DA:178,0
DA:179,0
DA:180,0
DA:181,0
DA:182,0
DA:183,0
DA:184,0
DA:185,0
DA:186,0
FN:190,Pairing.pairingProd4
FNDA:0,Pairing.pairingProd4
DA:200,0
DA:201,0
DA:202,0
DA:203,0
DA:204,0
DA:205,0
DA:206,0
DA:207,0
DA:208,0
DA:209,0
DA:210,0
FNF:9
FNH:0
LF:63
LH:0
BRF:10
BRH:0
end_of_record
TN:
SF:packages/contracts/contracts/libs/Queue.sol
FN:22,QueueLib.initialize
FNDA:0,QueueLib.initialize
DA:23,0
BRDA:23,0,0,-
BRDA:23,0,1,-
DA:24,0
FN:33,QueueLib.enqueue
FNDA:0,QueueLib.enqueue
DA:37,0
DA:38,0
DA:39,0
BRDA:39,1,0,-
BRDA:39,1,1,-
DA:41,0
FN:50,QueueLib.dequeue
FNDA:0,QueueLib.dequeue
DA:51,0
DA:52,0
DA:53,0
BRDA:53,2,0,-
BRDA:53,2,1,-
DA:54,0
DA:55,0
BRDA:55,3,0,-
BRDA:55,3,1,-
DA:57,0
DA:59,0
FN:67,QueueLib.enqueue
FNDA:0,QueueLib.enqueue
DA:71,0
DA:72,0
DA:73,0
DA:74,0
DA:75,0
BRDA:75,4,0,-
BRDA:75,4,1,-
DA:76,0
DA:79,0
FN:88,QueueLib.dequeue
FNDA:0,QueueLib.dequeue
DA:92,0
DA:93,0
DA:95,0
BRDA:95,5,0,-
BRDA:95,5,1,-
DA:97,0
DA:99,0
DA:100,0
DA:101,0
DA:102,0
DA:104,0
DA:105,0
FN:114,QueueLib.contains
FNDA:0,QueueLib.contains
DA:118,0
DA:119,0
BRDA:119,6,0,-
BRDA:119,6,1,-
DA:120,0
DA:123,0
FN:128,QueueLib.lastItem
FNDA:0,QueueLib.lastItem
DA:129,0
FN:134,QueueLib.peek
FNDA:0,QueueLib.peek
DA:135,0
BRDA:135,7,0,-
BRDA:135,7,1,-
DA:136,0
FN:140,QueueLib.isEmpty
FNDA:0,QueueLib.isEmpty
DA:141,0
FN:145,QueueLib.length
FNDA:0,QueueLib.length
DA:146,0
DA:147,0
DA:149,0
FN:153,QueueLib._length
FNDA:0,QueueLib._length
DA:157,0
FNF:11
FNH:0
LF:42
LH:0
BRF:16
BRH:0
end_of_record
TN:
SF:packages/contracts/contracts/libs/TreeUtils.sol
FN:17,TreeUtils.encodePathAndHash
FNDA:0,TreeUtils.encodePathAndHash
DA:21,0
BRDA:21,0,0,-
BRDA:21,0,1,-
DA:27,0
DA:29,0
DA:33,0
FN:37,TreeUtils.sha256FieldElems
FNDA:0,TreeUtils.sha256FieldElems
DA:40,0
FN:43,TreeUtils.sha256Note
FNDA:0,TreeUtils.sha256Note
DA:46,0
DA:47,0
DA:48,0
DA:49,0
DA:50,0
DA:51,0
DA:52,0
DA:53,0
FN:58,TreeUtils.uint256ToFieldElemLimbs
FNDA:0,TreeUtils.uint256ToFieldElemLimbs
DA:61,0
FN:66,TreeUtils._splitUint256ToLimbs
FNDA:0,TreeUtils._splitUint256ToLimbs
DA:70,0
DA:71,0
DA:72,0
FNF:5
FNH:0
LF:17
LH:0
BRF:2
BRH:0
end_of_record
TN:
SF:packages/contracts/contracts/libs/Types.sol
FN:107,OperationLib.maxGasLimit
FNDA:0,OperationLib.maxGasLimit
DA:111,0
FN:119,OperationLib.maxGasAssetCost
FNDA:0,OperationLib.maxGasAssetCost
DA:123,0
FNF:2
FNH:0
LF:2
LH:0
BRF:0
BRH:0
end_of_record
TN:
SF:packages/contracts/contracts/libs/Utils.sol
FN:14,Utils.min
FNDA:0,Utils.min
DA:15,0
FN:18,Utils.sum
FNDA:0,Utils.sum
DA:19,0
DA:20,0
DA:21,0
DA:23,0
FNF:2
FNH:0
LF:5
LH:0
BRF:0
BRH:0
end_of_record
TN:
SF:packages/contracts/contracts/test/harnesses/TestBalanceManager.sol
FN:12,TestBalanceManager.initialize
FNDA:0,TestBalanceManager.initialize
DA:16,0
FN:24,TestBalanceManager.addToAssetPrefill
FNDA:2,TestBalanceManager.addToAssetPrefill
DA:28,2
FN:32,TestBalanceManager.handleDeposit
FNDA:11,TestBalanceManager.handleDeposit
DA:35,11
DA:36,11
FN:39,TestBalanceManager.handleOperation
FNDA:0,TestBalanceManager.handleOperation
DA:44,0
FN:47,TestBalanceManager.processJoinSplitsReservingFee
FNDA:10,TestBalanceManager.processJoinSplitsReservingFee
DA:51,10
FN:54,TestBalanceManager.gatherReservedGasAssetAndPayBundler
FNDA:1,TestBalanceManager.gatherReservedGasAssetAndPayBundler
DA:60,1
FN:68,TestBalanceManager.calculateOpMaxGasAssetCost
FNDA:4,TestBalanceManager.calculateOpMaxGasAssetCost
DA:72,4
FN:75,TestBalanceManager.calculateBundlerGasAssetPayout
FNDA:1,TestBalanceManager.calculateBundlerGasAssetPayout
DA:79,1
FN:82,TestBalanceManager.handleAllRefunds
FNDA:3,TestBalanceManager.handleAllRefunds
DA:83,3
FNF:9
FNH:7
LF:10
LH:8
BRF:0
BRH:0
end_of_record
TN:
SF:packages/contracts/contracts/test/harnesses/TestCommitmentTreeManager.sol
FN:11,TestCommitmentTreeManager.initialize
FNDA:0,TestCommitmentTreeManager.initialize
DA:12,0
FN:15,TestCommitmentTreeManager.handleJoinSplit
FNDA:0,TestCommitmentTreeManager.handleJoinSplit
DA:16,0
FN:19,TestCommitmentTreeManager.handleRefundNote
FNDA:0,TestCommitmentTreeManager.handleRefundNote
DA:24,0
FN:27,TestCommitmentTreeManager.fillBatchWithZeros
FNDA:0,TestCommitmentTreeManager.fillBatchWithZeros
DA:28,0
FN:31,TestCommitmentTreeManager.insertNote
FNDA:0,TestCommitmentTreeManager.insertNote
DA:32,0
FN:35,TestCommitmentTreeManager.insertNoteCommitments
FNDA:0,TestCommitmentTreeManager.insertNoteCommitments
DA:36,0
FN:39,TestCommitmentTreeManager.currentBatchLen
FNDA:0,TestCommitmentTreeManager.currentBatchLen
DA:40,0
FN:43,TestCommitmentTreeManager.accumulatorQueueLen
FNDA:0,TestCommitmentTreeManager.accumulatorQueueLen
DA:44,0
FNF:8
FNH:0
LF:8
LH:0
BRF:0
BRH:0
end_of_record
TN:
SF:packages/contracts/contracts/test/harnesses/TestDepositManager.sol
FN:9,TestDepositManager.computeDigest
FNDA:24,TestDepositManager.computeDigest
DA:12,24
FN:15,TestDepositManager.hashDepositRequest
FNDA:14,TestDepositManager.hashDepositRequest
DA:18,14
FNF:2
FNH:2
LF:2
LH:2
BRF:0
BRH:0
end_of_record
TN:
SF:packages/contracts/contracts/test/harnesses/TestDepositManagerBase.sol
FN:16,TestDepositManagerBase.initialize
FNDA:2,TestDepositManagerBase.initialize
DA:20,2
FN:23,TestDepositManagerBase.recoverDepositRequestSigner
FNDA:1,TestDepositManagerBase.recoverDepositRequestSigner
DA:27,1
FN:30,TestDepositManagerBase.hashDepositRequest
FNDA:1,TestDepositManagerBase.hashDepositRequest
DA:33,1
FN:36,TestDepositManagerBase.nameHash
FNDA:0,TestDepositManagerBase.nameHash
DA:37,0
FN:40,TestDepositManagerBase.versionHash
FNDA:0,TestDepositManagerBase.versionHash
DA:41,0
FNF:5
FNH:3
LF:5
LH:3
BRF:0
BRH:0
end_of_record
TN:
SF:packages/contracts/contracts/test/harnesses/TestHandler.sol
FN:8,TestHandler.receivedAssetsLength
FNDA:8,TestHandler.receivedAssetsLength
DA:9,8
FN:12,TestHandler.getReceivedAssetsByIndex
FNDA:2,TestHandler.getReceivedAssetsByIndex
DA:15,2
FNF:2
FNH:2
LF:2
LH:2
BRF:0
BRH:0
end_of_record
TN:
SF:packages/contracts/contracts/test/harnesses/TestJoinSplitVerifier.sol
FN:9,TestJoinSplitVerifier.verifyProof
FNDA:32,TestJoinSplitVerifier.verifyProof
DA:13,32
FN:16,TestJoinSplitVerifier.batchVerifyProofs
FNDA:8,TestJoinSplitVerifier.batchVerifyProofs
DA:20,8
FNF:2
FNH:2
LF:2
LH:2
BRF:0
BRH:0
end_of_record
TN:
SF:packages/contracts/contracts/test/harnesses/TestSubtreeUpdateVerifier.sol
FN:9,TestSubtreeUpdateVerifier.verifyProof
FNDA:0,TestSubtreeUpdateVerifier.verifyProof
DA:13,0
FN:16,TestSubtreeUpdateVerifier.batchVerifyProofs
FNDA:0,TestSubtreeUpdateVerifier.batchVerifyProofs
DA:20,0
FNF:2
FNH:0
LF:2
LH:0
BRF:0
BRH:0
end_of_record
TN:
SF:packages/contracts/contracts/test/invariant/CommitmentTreeManager.t.sol
FN:17,CommitmentTreeManagerInvariants.setUp
FNDA:0,CommitmentTreeManagerInvariants.setUp
DA:18,0
DA:19,0
DA:20,0
DA:22,0
DA:26,0
DA:27,0
DA:28,0
DA:29,0
DA:30,0
DA:31,0
DA:32,0
DA:36,0
DA:37,0
FN:45,CommitmentTreeManagerInvariants.invariant_callSummary
FNDA:0,CommitmentTreeManagerInvariants.invariant_callSummary
DA:46,0
FN:49,CommitmentTreeManagerInvariants.invariant_getTotalCountIsConsistent
FNDA:0,CommitmentTreeManagerInvariants.invariant_getTotalCountIsConsistent
DA:50,0
FN:62,CommitmentTreeManagerInvariants.invariant_handledJoinSplitNullifiersMarkedTrue
FNDA:0,CommitmentTreeManagerInvariants.invariant_handledJoinSplitNullifiersMarkedTrue
DA:63,0
BRDA:63,0,0,-
BRDA:63,0,1,-
DA:64,0
DA:76,0
DA:77,0
DA:83,0
FN:92,CommitmentTreeManagerInvariants.invariant_totalCountIncreasesByExpected
FNDA:0,CommitmentTreeManagerInvariants.invariant_totalCountIncreasesByExpected
DA:93,0
BRDA:93,1,0,-
BRDA:93,1,1,-
DA:94,0
DA:101,0
BRDA:100,2,0,-
BRDA:100,2,1,-
DA:103,0
DA:110,0
BRDA:109,3,0,-
BRDA:109,3,1,-
DA:112,0
DA:115,0
DA:121,0
BRDA:121,4,0,-
BRDA:121,4,1,-
DA:122,0
DA:129,0
BRDA:128,5,0,-
BRDA:128,5,1,-
DA:131,0
DA:139,0
FNF:5
FNH:0
LF:32
LH:0
BRF:12
BRH:0
end_of_record
TN:
SF:packages/contracts/contracts/test/invariant/InvariantsBase.sol
FN:53,InvariantsBase.print_callSummary
FNDA:0,InvariantsBase.print_callSummary
DA:54,0
DA:55,0
DA:56,0
FN:61,InvariantsBase.assert_protocol_tellerBalanceEqualsCompletedDepositSumMinusTransferedOutPlusBundlerPayoutErc20
FNDA:0,InvariantsBase.assert_protocol_tellerBalanceEqualsCompletedDepositSumMinusTransferedOutPlusBundlerPayoutErc20
DA:64,0
FN:72,InvariantsBase.assert_protocol_handlerAlwaysEndsWithPrefillBalances
FNDA:0,InvariantsBase.assert_protocol_handlerAlwaysEndsWithPrefillBalances
DA:74,0
DA:81,0
DA:87,0
DA:89,0
DA:90,0
DA:97,0
FN:106,InvariantsBase.assert_deposit_outNeverExceedsInETH
FNDA:0,InvariantsBase.assert_deposit_outNeverExceedsInETH
DA:107,0
FN:114,InvariantsBase.assert_deposit_depositManagerBalanceEqualsInMinusOutETH
FNDA:0,InvariantsBase.assert_deposit_depositManagerBalanceEqualsInMinusOutETH
DA:117,0
FN:125,InvariantsBase.assert_deposit_tellerBalanceEqualsCompletedDepositSumETH
FNDA:0,InvariantsBase.assert_deposit_tellerBalanceEqualsCompletedDepositSumETH
DA:128,0
FN:134,InvariantsBase.assert_deposit_allActorsBalanceSumETHEqualsRetrieveDepositSumETH
FNDA:0,InvariantsBase.assert_deposit_allActorsBalanceSumETHEqualsRetrieveDepositSumETH
DA:137,0
DA:139,0
DA:140,0
DA:141,0
DA:144,0
FN:147,InvariantsBase.assert_deposit_actorBalanceAlwaysEqualsRetrievedETH
FNDA:0,InvariantsBase.assert_deposit_actorBalanceAlwaysEqualsRetrievedETH
DA:148,0
DA:150,0
DA:151,0
FN:160,InvariantsBase.assert_deposit_actorBalanceNeverExceedsInstantiatedETH
FNDA:0,InvariantsBase.assert_deposit_actorBalanceNeverExceedsInstantiatedETH
DA:161,0
DA:163,0
DA:164,0
FN:175,InvariantsBase.assert_deposit_outNeverExceedsInErc20
FNDA:0,InvariantsBase.assert_deposit_outNeverExceedsInErc20
DA:176,0
FN:183,InvariantsBase.assert_deposit_depositManagerBalanceEqualsInMinusOutErc20
FNDA:0,InvariantsBase.assert_deposit_depositManagerBalanceEqualsInMinusOutErc20
DA:186,0
FN:196,InvariantsBase.assert_deposit_allActorsBalanceSumErc20EqualsRetrieveDepositSumErc20
FNDA:0,InvariantsBase.assert_deposit_allActorsBalanceSumErc20EqualsRetrieveDepositSumErc20
DA:199,0
DA:201,0
DA:202,0
DA:203,0
DA:206,0
FN:209,InvariantsBase.assert_deposit_actorBalanceAlwaysEqualsRetrievedErc20
FNDA:0,InvariantsBase.assert_deposit_actorBalanceAlwaysEqualsRetrievedErc20
DA:210,0
DA:212,0
DA:213,0
FN:222,InvariantsBase.assert_deposit_actorBalanceNeverExceedsInstantiatedErc20
FNDA:0,InvariantsBase.assert_deposit_actorBalanceNeverExceedsInstantiatedErc20
DA:225,0
DA:227,0
DA:228,0
FN:237,InvariantsBase.assert_deposit_screenerBalanceInBounds
FNDA:0,InvariantsBase.assert_deposit_screenerBalanceInBounds
DA:238,0
FN:244,InvariantsBase.assert_deposit_actorBalancesInBounds
FNDA:0,InvariantsBase.assert_deposit_actorBalancesInBounds
DA:245,0
DA:247,0
DA:248,0
DA:249,0
DA:257,0
BRDA:256,0,0,-
BRDA:256,0,1,-
DA:260,0
DA:263,0
FN:269,InvariantsBase.assert_operation_totalSwapErc20ReceivedMatchesTellerBalance
FNDA:0,InvariantsBase.assert_operation_totalSwapErc20ReceivedMatchesTellerBalance
DA:272,0
FN:278,InvariantsBase.assert_operation_tellerOwnsAllSwapErc721s
FNDA:0,InvariantsBase.assert_operation_tellerOwnsAllSwapErc721s
DA:279,0
DA:280,0
DA:281,0
FN:285,InvariantsBase.assert_operation_totalSwapErc1155ReceivedMatchesTellerBalance
FNDA:0,InvariantsBase.assert_operation_totalSwapErc1155ReceivedMatchesTellerBalance
DA:288,0
DA:289,0
DA:290,0
DA:291,0
FN:298,InvariantsBase.assert_operation_bundlerBalanceMatchesTracked
FNDA:0,InvariantsBase.assert_operation_bundlerBalanceMatchesTracked
DA:299,0
FNF:20
FNH:0
LF:54
LH:0
BRF:2
BRH:0
end_of_record
TN:
SF:packages/contracts/contracts/test/invariant/OffchainMerkle.t.sol
FN:14,OffchainMerkleInvariants.setUp
FNDA:0,OffchainMerkleInvariants.setUp
DA:15,0
FN:18,OffchainMerkleInvariants.invariant_callSummary
FNDA:0,OffchainMerkleInvariants.invariant_callSummary
DA:19,0
FN:22,OffchainMerkleInvariants.invariant_insertedNotesPlusInsertedNoteCommitmentsEqualsTotalCount
FNDA:0,OffchainMerkleInvariants.invariant_insertedNotesPlusInsertedNoteCommitmentsEqualsTotalCount
DA:25,0
FN:34,OffchainMerkleInvariants.invariant_getCountAlwaysMultipleOfBatchSize
FNDA:0,OffchainMerkleInvariants.invariant_getCountAlwaysMultipleOfBatchSize
DA:35,0
FN:38,OffchainMerkleInvariants.invariant_batchLengthNotExceedingBatchSize
FNDA:0,OffchainMerkleInvariants.invariant_batchLengthNotExceedingBatchSize
DA:39,0
FN:42,OffchainMerkleInvariants.invariant_rootUpdatedAfterSubtreeUpdate
FNDA:0,OffchainMerkleInvariants.invariant_rootUpdatedAfterSubtreeUpdate
DA:43,0
BRDA:43,0,0,-
BRDA:43,0,1,-
DA:44,0
BRDA:44,1,0,-
BRDA:44,1,1,-
DA:49,0
FN:58,OffchainMerkleInvariants.invariant_bottomLog2BitsOfCountAlwaysZero
FNDA:0,OffchainMerkleInvariants.invariant_bottomLog2BitsOfCountAlwaysZero
DA:59,0
DA:60,0
FNF:7
FNH:0
LF:10
LH:0
BRF:4
BRH:0
end_of_record
TN:
SF:packages/contracts/contracts/test/invariant/ProtocolInvariants.t.sol
FN:29,ProtocolInvariants.setUp
FNDA:0,ProtocolInvariants.setUp
DA:30,0
DA:31,0
DA:32,0
DA:34,0
DA:36,0
DA:37,0
DA:39,0
DA:40,0
DA:42,0
DA:43,0
DA:45,0
DA:51,0
DA:53,0
DA:54,0
DA:55,0
DA:57,0
DA:66,0
DA:67,0
DA:68,0
DA:69,0
DA:71,0
DA:82,0
DA:89,0
DA:97,0
DA:101,0
DA:105,0
DA:109,0
DA:110,0
DA:114,0
DA:118,0
DA:123,0
DA:128,0
DA:135,0
DA:136,0
DA:139,0
DA:142,0
DA:145,0
DA:149,0
DA:150,0
DA:152,0
DA:153,0
DA:154,0
DA:156,0
DA:157,0
DA:164,0
DA:165,0
DA:172,0
DA:173,0
DA:180,0
DA:181,0
DA:182,0
DA:183,0
DA:184,0
DA:185,0
DA:186,0
DA:187,0
DA:188,0
DA:189,0
DA:190,0
DA:191,0
DA:193,0
DA:194,0
FN:197,ProtocolInvariants.invariant_callSummary
FNDA:0,ProtocolInvariants.invariant_callSummary
DA:198,0
FN:204,ProtocolInvariants.invariant_protocol_tellerBalanceEqualsCompletedDepositSumMinusTransferedOutPlusBundlerPayoutErc20
FNDA:0,ProtocolInvariants.invariant_protocol_tellerBalanceEqualsCompletedDepositSumMinusTransferedOutPlusBundlerPayoutErc20
DA:207,0
FN:210,ProtocolInvariants.invariant_protocol_handlerAlwaysEndsWithPrefillBalances
FNDA:0,ProtocolInvariants.invariant_protocol_handlerAlwaysEndsWithPrefillBalances
DA:213,0
FN:219,ProtocolInvariants.invariant_deposit_outNeverExceedsInETH
FNDA:0,ProtocolInvariants.invariant_deposit_outNeverExceedsInETH
DA:220,0
FN:223,ProtocolInvariants.invariant_deposit_depositManagerBalanceEqualsInMinusOutETH
FNDA:0,ProtocolInvariants.invariant_deposit_depositManagerBalanceEqualsInMinusOutETH
DA:226,0
FN:229,ProtocolInvariants.invariant_deposit_allActorsBalanceSumETHEqualsRetrieveDepositSumETH
FNDA:0,ProtocolInvariants.invariant_deposit_allActorsBalanceSumETHEqualsRetrieveDepositSumETH
DA:232,0
FN:235,ProtocolInvariants.invariant_deposit_actorBalanceAlwaysEqualsRetrievedETH
FNDA:0,ProtocolInvariants.invariant_deposit_actorBalanceAlwaysEqualsRetrievedETH
DA:236,0
FN:239,ProtocolInvariants.invariant_deposit_actorBalanceNeverExceedsInstantiatedETH
FNDA:0,ProtocolInvariants.invariant_deposit_actorBalanceNeverExceedsInstantiatedETH
DA:242,0
FN:248,ProtocolInvariants.invariant_deposit_outNeverExceedsInErc20
FNDA:0,ProtocolInvariants.invariant_deposit_outNeverExceedsInErc20
DA:249,0
FN:252,ProtocolInvariants.invariant_deposit_depositManagerBalanceEqualsInMinusOutErc20
FNDA:0,ProtocolInvariants.invariant_deposit_depositManagerBalanceEqualsInMinusOutErc20
DA:255,0
FN:258,ProtocolInvariants.invariant_deposit_allActorsBalanceSumErc20EqualsRetrieveDepositSumErc20
FNDA:0,ProtocolInvariants.invariant_deposit_allActorsBalanceSumErc20EqualsRetrieveDepositSumErc20
DA:261,0
FN:264,ProtocolInvariants.invariant_deposit_actorBalanceAlwaysEqualsRetrievedErc20
FNDA:0,ProtocolInvariants.invariant_deposit_actorBalanceAlwaysEqualsRetrievedErc20
DA:267,0
FN:270,ProtocolInvariants.invariant_deposit_actorBalanceNeverExceedsInstantiatedErc20
FNDA:0,ProtocolInvariants.invariant_deposit_actorBalanceNeverExceedsInstantiatedErc20
DA:273,0
FN:276,ProtocolInvariants.invariant_deposit_screenerBalanceInBounds
FNDA:0,ProtocolInvariants.invariant_deposit_screenerBalanceInBounds
DA:277,0
FN:280,ProtocolInvariants.invariant_deposit_actorBalancesInBounds
FNDA:0,ProtocolInvariants.invariant_deposit_actorBalancesInBounds
DA:281,0
FN:287,ProtocolInvariants.invariant_operation_totalSwapErc20ReceivedMatchesTellerBalance
FNDA:0,ProtocolInvariants.invariant_operation_totalSwapErc20ReceivedMatchesTellerBalance
DA:290,0
FN:293,ProtocolInvariants.invariant_operation_tellerOwnsAllSwapErc721s
FNDA:0,ProtocolInvariants.invariant_operation_tellerOwnsAllSwapErc721s
DA:294,0
FN:297,ProtocolInvariants.invariant_operation_totalSwapErc1155ReceivedMatchesTellerBalance
FNDA:0,ProtocolInvariants.invariant_operation_totalSwapErc1155ReceivedMatchesTellerBalance
DA:300,0
FN:303,ProtocolInvariants.invariant_operation_bundlerBalanceMatchesTracked
FNDA:0,ProtocolInvariants.invariant_operation_bundlerBalanceMatchesTracked
DA:304,0
FNF:20
FNH:0
LF:81
LH:0
BRF:0
BRH:0
end_of_record
TN:
SF:packages/contracts/contracts/test/invariant/actors/CommitmentTreeManagerHandler.sol
FN:52,CommitmentTreeManagerHandler.callSummary
FNDA:0,CommitmentTreeManagerHandler.callSummary
DA:53,0
DA:54,0
DA:55,0
DA:56,0
DA:57,0
DA:58,0
DA:59,0
DA:60,0
DA:61,0
DA:62,0
FN:65,CommitmentTreeManagerHandler.applySubtreeUpdate
FNDA:0,CommitmentTreeManagerHandler.applySubtreeUpdate
DA:68,0
BRDA:68,0,0,-
BRDA:68,0,1,-
DA:69,0
DA:70,0
DA:71,0
DA:73,0
FN:77,CommitmentTreeManagerHandler.handleJoinSplit
FNDA:0,CommitmentTreeManagerHandler.handleJoinSplit
DA:80,0
DA:81,0
DA:82,0
DA:83,0
DA:88,0
DA:93,0
DA:95,0
DA:96,0
DA:97,0
FN:100,CommitmentTreeManagerHandler.handleRefundNote
FNDA:0,CommitmentTreeManagerHandler.handleRefundNote
DA:105,0
DA:106,0
FN:109,CommitmentTreeManagerHandler.fillBatchWithZeros
FNDA:0,CommitmentTreeManagerHandler.fillBatchWithZeros
DA:110,0
DA:112,0
BRDA:112,1,0,-
BRDA:112,1,1,-
DA:113,0
DA:114,0
DA:116,0
FN:120,CommitmentTreeManagerHandler.insertNote
FNDA:0,CommitmentTreeManagerHandler.insertNote
DA:123,0
DA:124,0
FN:127,CommitmentTreeManagerHandler.insertNoteCommitments
FNDA:0,CommitmentTreeManagerHandler.insertNoteCommitments
DA:130,0
DA:131,0
DA:134,0
DA:135,0
DA:136,0
FNF:7
FNH:0
LF:38
LH:0
BRF:4
BRH:0
end_of_record
TN:
SF:packages/contracts/contracts/test/invariant/actors/DepositManagerHandler.sol
FN:109,DepositManagerHandler.
FNDA:0,DepositManagerHandler.
FN:112,DepositManagerHandler.callSummary
FNDA:0,DepositManagerHandler.callSummary
DA:113,0
DA:114,0
DA:115,0
DA:116,0
DA:117,0
DA:121,0
DA:122,0
DA:124,0
DA:128,0
DA:129,0
DA:131,0
DA:132,0
DA:134,0
DA:138,0
DA:142,0
DA:143,0
DA:147,0
FN:150,DepositManagerHandler.instantiateDepositETH
FNDA:0,DepositManagerHandler.instantiateDepositETH
DA:153,0
DA:156,0
DA:157,0
DA:158,0
DA:161,0
DA:162,0
DA:163,0
DA:165,0
DA:167,0
DA:169,0
DA:174,0
DA:177,0
DA:189,0
DA:190,0
DA:195,0
DA:196,0
DA:201,0
DA:202,0
DA:203,0
DA:209,0
FN:215,DepositManagerHandler.instantiateDepositErc20
FNDA:0,DepositManagerHandler.instantiateDepositErc20
DA:219,0
DA:221,0
DA:223,0
DA:226,0
DA:227,0
DA:228,0
DA:231,0
DA:232,0
DA:233,0
DA:235,0
DA:237,0
DA:239,0
DA:244,0
DA:247,0
DA:259,0
DA:260,0
DA:263,0
DA:266,0
DA:267,0
DA:269,0
DA:273,0
DA:276,0
DA:277,0
DA:278,0
DA:284,0
FN:290,DepositManagerHandler.retrieveDepositErc20
FNDA:0,DepositManagerHandler.retrieveDepositErc20
DA:294,0
DA:295,0
BRDA:295,0,0,-
BRDA:295,0,1,-
DA:296,0
DA:298,0
DA:301,0
DA:304,0
DA:305,0
FN:330,DepositManagerHandler.completeDepositErc20
FNDA:0,DepositManagerHandler.completeDepositErc20
DA:334,0
DA:335,0
BRDA:335,1,0,-
BRDA:335,1,1,-
DA:336,0
DA:338,0
DA:341,0
DA:344,0
DA:345,0
DA:346,0
DA:353,0
DA:354,0
DA:355,0
DA:356,0
DA:357,0
DA:358,0
DA:386,0
DA:387,0
DA:388,0
FN:409,DepositManagerHandler.ghost_AllActors
FNDA:0,DepositManagerHandler.ghost_AllActors
DA:410,0
FN:413,DepositManagerHandler.ghost_totalSuppliedGasCompensation
FNDA:0,DepositManagerHandler.ghost_totalSuppliedGasCompensation
DA:418,0
FN:421,DepositManagerHandler.ghost_totalSuppliedGasCompensationFor
FNDA:0,DepositManagerHandler.ghost_totalSuppliedGasCompensationFor
DA:424,0
FN:427,DepositManagerHandler.ghost_instantiateDepositSumETH
FNDA:0,DepositManagerHandler.ghost_instantiateDepositSumETH
DA:428,0
FN:431,DepositManagerHandler.ghost_retrieveDepositSumETH
FNDA:0,DepositManagerHandler.ghost_retrieveDepositSumETH
DA:432,0
FN:435,DepositManagerHandler.ghost_completeDepositSumETH
FNDA:0,DepositManagerHandler.ghost_completeDepositSumETH
DA:436,0
FN:439,DepositManagerHandler.ghost_instantiateDepositSumETHFor
FNDA:0,DepositManagerHandler.ghost_instantiateDepositSumETHFor
DA:442,0
FN:445,DepositManagerHandler.ghost_retrieveDepositSumETHFor
FNDA:0,DepositManagerHandler.ghost_retrieveDepositSumETHFor
DA:448,0
FN:451,DepositManagerHandler.ghost_completeDepositSumETHFor
FNDA:0,DepositManagerHandler.ghost_completeDepositSumETHFor
DA:454,0
FN:457,DepositManagerHandler.ghost_instantiateDepositSumErc20
FNDA:0,DepositManagerHandler.ghost_instantiateDepositSumErc20
DA:458,0
FN:461,DepositManagerHandler.ghost_retrieveDepositSumErc20
FNDA:0,DepositManagerHandler.ghost_retrieveDepositSumErc20
DA:462,0
FN:465,DepositManagerHandler.ghost_completeDepositSumErc20
FNDA:0,DepositManagerHandler.ghost_completeDepositSumErc20
DA:466,0
FN:469,DepositManagerHandler.ghost_instantiateDepositSumErc20For
FNDA:0,DepositManagerHandler.ghost_instantiateDepositSumErc20For
DA:472,0
FN:475,DepositManagerHandler.ghost_retrieveDepositSumErc20For
FNDA:0,DepositManagerHandler.ghost_retrieveDepositSumErc20For
DA:478,0
FN:481,DepositManagerHandler.ghost_completeDepositSumErc20For
FNDA:0,DepositManagerHandler.ghost_completeDepositSumErc20For
DA:484,0
FN:488,DepositManagerHandler._sum
FNDA:0,DepositManagerHandler._sum
DA:489,0
DA:490,0
DA:491,0
DA:493,0
FNF:22
FNH:0
LF:105
LH:0
BRF:4
BRH:0
end_of_record
TN:
SF:packages/contracts/contracts/test/invariant/actors/HandlerHandler.sol
FN:66,HandlerHandler.callSummary
FNDA:0,HandlerHandler.callSummary
DA:67,0
DA:68,0
DA:69,0
DA:70,0
DA:71,0
DA:72,0
DA:73,0
DA:74,0
DA:78,0
DA:79,0
DA:80,0
DA:81,0
FN:91,HandlerHandler.addToAssetPrefill
FNDA:0,HandlerHandler.addToAssetPrefill
DA:94,0
DA:96,0
DA:98,0
DA:99,0
DA:100,0
BRDA:100,0,0,-
BRDA:100,0,1,-
DA:101,0
DA:107,0
DA:109,0
DA:115,0
DA:117,0
DA:123,0
DA:125,0
DA:131,0
DA:133,0
DA:136,0
DA:138,0
DA:140,0
DA:141,0
FN:144,HandlerHandler.fillBatchWithZeros
FNDA:0,HandlerHandler.fillBatchWithZeros
DA:145,0
BRDA:145,1,0,-
BRDA:145,1,1,-
DA:146,0
DA:147,0
DA:149,0
FN:154,HandlerHandler.ghost_prefilledErc1155Ids
FNDA:0,HandlerHandler.ghost_prefilledErc1155Ids
DA:159,0
FNF:4
FNH:0
LF:35
LH:0
BRF:4
BRH:0
end_of_record
TN:
SF:packages/contracts/contracts/test/invariant/actors/OffchainMerkleHandler.sol
FN:55,OffchainMerkleHandler.callSummary
FNDA:0,OffchainMerkleHandler.callSummary
DA:56,0
DA:57,0
DA:58,0
DA:59,0
DA:60,0
DA:61,0
DA:62,0
FN:65,OffchainMerkleHandler.insertNote
FNDA:0,OffchainMerkleHandler.insertNote
DA:68,0
FN:71,OffchainMerkleHandler.insertNoteCommitments
FNDA:0,OffchainMerkleHandler.insertNoteCommitments
DA:74,0
DA:75,0
DA:77,0
FN:80,OffchainMerkleHandler.applySubtreeUpdate
FNDA:0,OffchainMerkleHandler.applySubtreeUpdate
DA:83,0
BRDA:83,0,0,-
BRDA:83,0,1,-
DA:84,0
DA:85,0
DA:86,0
DA:88,0
FN:92,OffchainMerkleHandler.root
FNDA:0,OffchainMerkleHandler.root
DA:93,0
FN:96,OffchainMerkleHandler.getCount
FNDA:0,OffchainMerkleHandler.getCount
DA:97,0
FN:100,OffchainMerkleHandler.getTotalCount
FNDA:0,OffchainMerkleHandler.getTotalCount
DA:101,0
FN:104,OffchainMerkleHandler.batchLen
FNDA:0,OffchainMerkleHandler.batchLen
DA:105,0
FN:108,OffchainMerkleHandler.accumulatorQueueLength
FNDA:0,OffchainMerkleHandler.accumulatorQueueLength
DA:109,0
FNF:9
FNH:0
LF:21
LH:0
BRF:2
BRH:0
end_of_record
TN:
SF:packages/contracts/contracts/test/invariant/actors/TellerHandler.sol
FN:80,TellerHandler.callSummary
FNDA:0,TellerHandler.callSummary
DA:81,0
DA:82,0
DA:83,0
DA:84,0
DA:85,0
DA:90,0
DA:94,0
DA:96,0
DA:97,0
DA:98,0
DA:101,0
DA:102,0
DA:103,0
DA:106,0
DA:107,0
DA:108,0
DA:110,0
DA:111,0
DA:112,0
DA:114,0
DA:115,0
FN:119,TellerHandler.processBundle
FNDA:0,TellerHandler.processBundle
DA:120,0
DA:123,0
DA:139,0
DA:140,0
DA:141,0
DA:143,0
DA:144,0
DA:147,0
DA:149,0
BRDA:149,0,0,-
BRDA:149,0,1,-
DA:150,0
DA:154,0
DA:157,0
BRDA:157,1,0,-
BRDA:157,1,1,-
DA:158,0
DA:161,0
DA:162,0
BRDA:162,2,0,-
BRDA:162,2,1,-
DA:163,0
BRDA:163,3,0,-
BRDA:163,3,1,-
DA:164,0
DA:165,0
BRDA:165,4,0,-
BRDA:165,4,1,-
DA:166,0
DA:167,0
DA:168,0
DA:170,0
FN:176,TellerHandler.ghost_totalTransferredOutOfTeller
FNDA:0,TellerHandler.ghost_totalTransferredOutOfTeller
DA:177,0
DA:178,0
DA:179,0
DA:181,0
DA:182,0
DA:184,0
FN:187,TellerHandler.ghost_totalSwapErc20Received
FNDA:0,TellerHandler.ghost_totalSwapErc20Received
DA:188,0
DA:189,0
DA:190,0
DA:192,0
FN:195,TellerHandler.ghost_totalSwapErc1155ReceivedForId
FNDA:0,TellerHandler.ghost_totalSwapErc1155ReceivedForId
DA:198,0
DA:199,0
DA:200,0
BRDA:200,5,0,-
BRDA:200,5,1,-
DA:201,0
DA:204,0
FN:207,TellerHandler.ghost_swapErc721IdsReceived
FNDA:0,TellerHandler.ghost_swapErc721IdsReceived
DA:212,0
FN:215,TellerHandler.ghost_swapErc1155IdsReceived
FNDA:0,TellerHandler.ghost_swapErc1155IdsReceived
DA:220,0
FN:225,TellerHandler._calculateBundlerGasAssetPayout
FNDA:0,TellerHandler._calculateBundlerGasAssetPayout
DA:229,0
DA:231,0
DA:233,0
FNF:8
FNH:0
LF:63
LH:0
BRF:12
BRH:0
end_of_record
TN:
SF:packages/contracts/contracts/test/invariant/helpers/ActorSumSet.sol
FN:9,LibDepositSumSet.addToActorSum
FNDA:0,LibDepositSumSet.addToActorSum
DA:14,0
BRDA:14,0,0,-
BRDA:14,0,1,-
DA:15,0
DA:18,0
FN:21,LibDepositSumSet.getSumForActor
FNDA:0,LibDepositSumSet.getSumForActor
DA:25,0
FN:28,LibDepositSumSet.getTotalForAll
FNDA:0,LibDepositSumSet.getTotalForAll
DA:31,0
DA:33,0
DA:34,0
DA:35,0
DA:38,0
FNF:3
FNH:0
LF:9
LH:0
BRF:2
BRH:0
end_of_record
TN:
SF:packages/contracts/contracts/test/invariant/helpers/AddressSet.sol
FN:10,LibAddressSet.addresses
FNDA:0,LibAddressSet.addresses
DA:13,0
FN:16,LibAddressSet.add
FNDA:0,LibAddressSet.add
DA:17,0
BRDA:17,0,0,-
BRDA:17,0,1,-
DA:18,0
DA:19,0
FN:23,LibAddressSet.contains
FNDA:0,LibAddressSet.contains
DA:27,0
FN:30,LibAddressSet.count
FNDA:0,LibAddressSet.count
DA:31,0
FN:34,LibAddressSet.rand
FNDA:0,LibAddressSet.rand
DA:38,0
BRDA:38,1,0,-
BRDA:38,1,1,-
DA:39,0
DA:41,0
FN:45,LibAddressSet.forEach
FNDA:0,LibAddressSet.forEach
DA:49,0
DA:50,0
FN:54,LibAddressSet.reduce
FNDA:0,LibAddressSet.reduce
DA:59,0
DA:60,0
DA:62,0
FNF:7
FNH:0
LF:14
LH:0
BRF:4
BRH:0
end_of_record
TN:
SF:packages/contracts/contracts/test/invariant/helpers/DepositRequestArray.sol
FN:7,LibDepositRequestArray.pop
FNDA:0,LibDepositRequestArray.pop
DA:8,0
BRDA:8,0,0,-
BRDA:8,0,1,-
DA:9,0
DA:10,0
FN:13,LibDepositRequestArray.getRandom
FNDA:0,LibDepositRequestArray.getRandom
DA:17,0
BRDA:17,1,0,-
BRDA:17,1,1,-
DA:18,0
DA:19,0
DA:21,0
FNF:2
FNH:0
LF:7
LH:0
BRF:4
BRH:0
end_of_record
TN:
SF:packages/contracts/contracts/test/invariant/helpers/OperationGenerator.sol
FN:62,OperationGenerator._generateRandomOperation
FNDA:0,OperationGenerator._generateRandomOperation
DA:69,0
DA:76,0
DA:83,0
DA:84,0
DA:85,0
DA:87,0
DA:88,0
DA:89,0
DA:90,0
DA:92,0
DA:99,0
DA:100,0
DA:101,0
BRDA:101,0,0,-
BRDA:101,0,1,-
DA:102,0
DA:103,0
DA:107,0
DA:108,0
DA:109,0
DA:117,0
BRDA:117,1,0,-
BRDA:117,1,1,-
DA:118,0
DA:119,0
DA:122,0
BRDA:122,2,0,-
BRDA:122,2,1,-
DA:123,0
DA:128,0
DA:130,0
DA:134,0
DA:138,0
DA:142,0
DA:143,0
DA:145,0
DA:155,0
DA:157,0
DA:158,0
DA:167,0
DA:168,0
DA:174,0
DA:177,0
DA:180,0
DA:194,0
DA:198,0
DA:199,0
BRDA:199,3,0,-
BRDA:199,3,1,-
DA:200,0
DA:201,0
DA:203,0
DA:205,0
DA:206,0
DA:210,0
DA:211,0
FN:217,OperationGenerator._createRandomSwapRequest
FNDA:0,OperationGenerator._createRandomSwapRequest
DA:222,0
DA:228,0
DA:233,0
DA:234,0
DA:247,0
DA:249,0
FN:252,OperationGenerator._randomizeJoinSplitAmounts
FNDA:0,OperationGenerator._randomizeJoinSplitAmounts
DA:256,0
DA:257,0
DA:259,0
DA:260,0
DA:262,0
DA:263,0
DA:264,0
DA:268,0
DA:270,0
FN:274,OperationGenerator._opMaxGasAssetCost
FNDA:0,OperationGenerator._opMaxGasAssetCost
DA:280,0
FNF:4
FNH:0
LF:64
LH:0
BRF:8
BRH:0
end_of_record
TN:
SF:packages/contracts/contracts/test/invariant/helpers/TokenIdSet.sol
FN:10,LibTokenIdSet.getIds
FNDA:0,LibTokenIdSet.getIds
DA:13,0
FN:16,LibTokenIdSet.add
FNDA:0,LibTokenIdSet.add
DA:17,0
BRDA:17,0,0,-
BRDA:17,0,1,-
DA:18,0
DA:19,0
FN:23,LibTokenIdSet.contains
FNDA:0,LibTokenIdSet.contains
DA:27,0
FN:30,LibTokenIdSet.count
FNDA:0,LibTokenIdSet.count
DA:31,0
FN:34,LibTokenIdSet.rand
FNDA:0,LibTokenIdSet.rand
DA:38,0
BRDA:38,1,0,-
BRDA:38,1,1,-
DA:39,0
DA:41,0
FN:45,LibTokenIdSet.forEach
FNDA:0,LibTokenIdSet.forEach
DA:49,0
DA:50,0
FN:54,LibTokenIdSet.reduce
FNDA:0,LibTokenIdSet.reduce
DA:59,0
DA:60,0
DA:62,0
FNF:7
FNH:0
LF:14
LH:0
BRF:4
BRH:0
end_of_record
TN:
SF:packages/contracts/contracts/test/tokens/SimpleERC1155Token.sol
FN:14,SimpleERC1155Token.reserveTokens
FNDA:5,SimpleERC1155Token.reserveTokens
DA:19,5
DA:20,5
FN:23,SimpleERC1155Token.totalSupply
FNDA:0,SimpleERC1155Token.totalSupply
DA:24,0
FNF:2
FNH:1
LF:3
LH:2
BRF:0
BRH:0
end_of_record
TN:
SF:packages/contracts/contracts/test/tokens/SimpleERC20Token.sol
FN:12,SimpleERC20Token.reserveTokens
FNDA:64,SimpleERC20Token.reserveTokens
DA:16,64
FNF:1
FNH:1
LF:1
LH:1
BRF:0
BRH:0
end_of_record
TN:
SF:packages/contracts/contracts/test/tokens/SimpleERC721Token.sol
FN:12,SimpleERC721Token.reserveToken
FNDA:4,SimpleERC721Token.reserveToken
DA:16,4
FN:19,SimpleERC721Token.exists
FNDA:0,SimpleERC721Token.exists
DA:20,0
FNF:2
FNH:1
LF:2
LH:1
BRF:0
BRH:0
end_of_record
TN:
SF:packages/contracts/contracts/test/tokens/WETH9.sol
FN:22,WETH9.deposit
FNDA:1,WETH9.deposit
DA:23,1
DA:24,1
FN:27,WETH9.withdraw
FNDA:0,WETH9.withdraw
DA:28,0
BRDA:28,0,0,-
BRDA:28,0,1,-
DA:29,0
DA:30,0
DA:31,0
FN:34,WETH9.totalSupply
FNDA:0,WETH9.totalSupply
DA:35,0
FN:38,WETH9.approve
FNDA:0,WETH9.approve
DA:39,0
DA:40,0
DA:41,0
FN:44,WETH9.transfer
FNDA:0,WETH9.transfer
DA:45,0
FN:48,WETH9.transferFrom
FNDA:0,WETH9.transferFrom
DA:53,0
BRDA:53,1,0,-
BRDA:53,1,1,-
DA:56,0
BRDA:55,2,0,-
BRDA:55,2,1,-
DA:58,0
BRDA:58,3,0,-
BRDA:58,3,1,-
DA:59,0
DA:62,0
DA:63,0
DA:65,0
DA:67,0
FNF:6
FNH:1
LF:19
LH:2
BRF:8
BRH:0
end_of_record
TN:
SF:packages/contracts/contracts/test/utils/EventParsing.sol
FN:8,EventParsing.decodeDepositRequestFromDepositEvent
FNDA:1,EventParsing.decodeDepositRequestFromDepositEvent
DA:11,1
DA:12,1
DA:22,1
DA:37,1
FN:56,EventParsing.decodeNoteFromRefundProcessedEvent
FNDA:0,EventParsing.decodeNoteFromRefundProcessedEvent
DA:59,0
DA:65,0
DA:70,0
FNF:2
FNH:1
LF:7
LH:4
BRF:0
BRH:0
end_of_record
TN:
SF:packages/contracts/contracts/test/utils/ForgeUtils.sol
FN:25,ForgeUtils.vmExpectOperationProcessed
FNDA:0,ForgeUtils.vmExpectOperationProcessed
DA:28,0
DA:29,0
DA:30,0
DA:32,0
FNF:1
FNH:0
LF:4
LH:0
BRF:0
BRH:0
end_of_record
TN:
SF:packages/contracts/contracts/test/utils/IncrementalTree.sol
FN:32,LibIncrementalTree.initialize
FNDA:0,LibIncrementalTree.initialize
DA:38,0
BRDA:38,0,0,-
BRDA:38,0,1,-
DA:39,0
BRDA:39,1,0,-
BRDA:39,1,1,-
DA:44,0
DA:45,0
DA:47,0
DA:48,0
DA:49,0
DA:52,0
FN:58,LibIncrementalTree.insert
FNDA:0,LibIncrementalTree.insert
DA:59,0
BRDA:59,2,0,-
BRDA:59,2,1,-
DA:60,0
BRDA:60,3,0,-
BRDA:60,3,1,-
DA:65,0
DA:66,0
DA:68,0
DA:69,0
BRDA:69,4,0,-
BRDA:69,4,1,-
DA:70,0
DA:72,0
DA:75,0
DA:76,0
DA:79,0
DA:80,0
FN:83,LibIncrementalTree.insert2
FNDA:0,LibIncrementalTree.insert2
DA:87,0
DA:88,0
BRDA:88,5,0,-
BRDA:88,5,1,-
DA:93,0
BRDA:93,6,0,-
BRDA:93,6,1,-
DA:98,0
DA:99,0
DA:101,0
DA:102,0
BRDA:102,7,0,-
BRDA:102,7,1,-
DA:103,0
DA:105,0
DA:108,0
DA:109,0
DA:112,0
DA:113,0
FN:116,LibIncrementalTree.insert8
FNDA:0,LibIncrementalTree.insert8
DA:120,0
DA:121,0
BRDA:121,8,0,-
BRDA:121,8,1,-
DA:126,0
BRDA:126,9,0,-
BRDA:126,9,1,-
DA:131,0
DA:133,0
DA:135,0
DA:136,0
BRDA:136,10,0,-
BRDA:136,10,1,-
DA:137,0
DA:139,0
DA:142,0
DA:143,0
DA:146,0
DA:147,0
FN:151,LibIncrementalTree.insert16
FNDA:0,LibIncrementalTree.insert16
DA:155,0
DA:156,0
BRDA:156,11,0,-
BRDA:156,11,1,-
DA:161,0
BRDA:161,12,0,-
BRDA:161,12,1,-
DA:166,0
DA:167,0
DA:169,0
DA:170,0
BRDA:170,13,0,-
BRDA:170,13,1,-
DA:171,0
DA:173,0
DA:176,0
DA:177,0
DA:180,0
DA:181,0
FN:184,LibIncrementalTree.getRootFrom8
FNDA:0,LibIncrementalTree.getRootFrom8
DA:188,0
DA:195,0
DA:202,0
FN:205,LibIncrementalTree.getRootFrom16
FNDA:0,LibIncrementalTree.getRootFrom16
DA:209,0
DA:210,0
DA:211,0
DA:212,0
DA:213,0
DA:215,0
FNF:7
FNH:0
LF:68
LH:0
BRF:28
BRH:0
end_of_record
TN:
SF:packages/contracts/contracts/test/utils/JsonDecodings.sol
FN:60,JsonDecodings.loadFixtureJson
FNDA:0,JsonDecodings.loadFixtureJson
DA:63,0
DA:64,0
FN:67,JsonDecodings.baseProofTo8
FNDA:0,JsonDecodings.baseProofTo8
DA:70,0
FN:82,JsonDecodings.loadSignedDepositRequestFixture
FNDA:0,JsonDecodings.loadSignedDepositRequestFixture
DA:85,0
DA:88,0
DA:89,0
DA:92,0
DA:93,0
DA:97,0
DA:98,0
DA:99,0
DA:101,0
FN:121,JsonDecodings.extractSimpleDepositRequestFixtureTypes
FNDA:0,JsonDecodings.extractSimpleDepositRequestFixtureTypes
DA:124,0
DA:125,0
DA:126,0
DA:127,0
DA:128,0
DA:129,0
DA:131,0
FN:142,JsonDecodings.extractSimpleSignedDepositRequestTypes
FNDA:0,JsonDecodings.extractSimpleSignedDepositRequestTypes
DA:145,0
DA:146,0
DA:149,0
DA:152,0
DA:156,0
FN:165,JsonDecodings.extractEncodedAsset
FNDA:0,JsonDecodings.extractEncodedAsset
DA:168,0
DA:171,0
DA:175,0
FN:182,JsonDecodings.extractDepositAddr
FNDA:0,JsonDecodings.extractDepositAddr
DA:185,0
DA:188,0
DA:191,0
DA:194,0
DA:198,0
FN:202,JsonDecodings.extractSignature
FNDA:0,JsonDecodings.extractSignature
DA:205,0
DA:206,0
DA:207,0
DA:208,0
DA:210,0
DA:211,0
FN:214,JsonDecodings.loadJoinSplitProofFromFixture
FNDA:0,JsonDecodings.loadJoinSplitProofFromFixture
DA:217,0
DA:218,0
DA:219,0
DA:221,0
DA:222,0
DA:223,0
DA:227,0
DA:229,0
DA:230,0
DA:231,0
DA:234,0
FN:241,JsonDecodings.loadSubtreeUpdateProofFromFixture
FNDA:0,JsonDecodings.loadSubtreeUpdateProofFromFixture
DA:244,0
DA:245,0
DA:246,0
DA:248,0
DA:249,0
DA:250,0
DA:254,0
DA:256,0
DA:257,0
DA:258,0
DA:261,0
FNF:10
FNH:0
LF:60
LH:0
BRF:0
BRH:0
end_of_record
TN:
SF:packages/contracts/contracts/test/utils/NocturneUtils.sol
FN:41,NocturneUtils.defaultStealthAddress
FNDA:0,NocturneUtils.defaultStealthAddress
DA:46,0
FN:55,NocturneUtils.dummyProof
FNDA:0,NocturneUtils.dummyProof
DA:56,0
DA:57,0
FN:61,NocturneUtils.fillJoinSplitPublicSpends
FNDA:0,NocturneUtils.fillJoinSplitPublicSpends
DA:65,0
DA:66,0
DA:67,0
DA:69,0
FN:72,NocturneUtils.formatDepositRequest
FNDA:85,NocturneUtils.formatDepositRequest
DA:81,85
DA:87,85
FN:98,NocturneUtils.formatSingleTransferActionArray
FNDA:20,NocturneUtils.formatSingleTransferActionArray
DA:103,20
DA:104,20
DA:111,20
FN:114,NocturneUtils.formatTransferAction
FNDA:0,NocturneUtils.formatTransferAction
DA:117,20
FN:128,NocturneUtils.formatOperation
FNDA:0,NocturneUtils.formatOperation
DA:131,0
DA:132,0
BRDA:132,0,0,-
BRDA:132,0,1,-
DA:133,0
DA:135,0
BRDA:134,1,0,-
BRDA:134,1,1,-
DA:137,0
BRDA:137,2,0,-
BRDA:137,2,1,-
DA:143,0
DA:144,0
DA:155,0
DA:167,0
DA:174,0
DA:177,0
DA:178,0
DA:179,0
DA:180,0
BRDA:180,3,0,-
BRDA:180,3,1,-
DA:181,0
DA:182,0
DA:184,0
BRDA:183,4,0,-
BRDA:183,4,1,-
DA:188,0
DA:189,0
DA:191,0
BRDA:190,5,0,-
BRDA:190,5,1,-
DA:195,0
DA:196,0
DA:198,0
DA:199,0
DA:201,0
DA:217,0
DA:218,0
BRDA:218,6,0,-
BRDA:218,6,1,-
DA:219,0
DA:222,0
DA:224,0
BRDA:223,7,0,-
BRDA:223,7,1,-
DA:226,0
DA:229,0
DA:247,0
FN:250,NocturneUtils.formatDummyOperationResult
FNDA:0,NocturneUtils.formatDummyOperationResult
DA:253,0
FNF:8
FNH:2
LF:47
LH:6
BRF:16
BRH:0
end_of_record
TN:
SF:packages/contracts/contracts/test/utils/Pairing.sol
FN:25,Pairing.P1
FNDA:0,Pairing.P1
DA:26,0
FN:30,Pairing.P2
FNDA:0,Pairing.P2
DA:31,0
FN:45,Pairing.negate
FNDA:0,Pairing.negate
DA:46,0
BRDA:46,0,0,-
BRDA:46,0,1,-
DA:48,0
BRDA:48,1,0,-
BRDA:48,1,1,-
DA:49,0
DA:51,0
FN:55,Pairing.addition
FNDA:0,Pairing.addition
DA:61,0
DA:62,0
DA:63,0
DA:64,0
DA:65,0
DA:66,0
DA:69,0
DA:71,0
BRDA:71,2,0,-
BRDA:71,2,1,-
FN:76,Pairing.scalar_mul
FNDA:0,Pairing.scalar_mul
DA:82,0
BRDA:82,3,0,-
BRDA:82,3,1,-
DA:83,0
DA:84,0
DA:85,0
DA:86,0
DA:87,0
DA:90,0
DA:92,0
BRDA:92,4,0,-
BRDA:92,4,1,-
FN:98,Pairing.pairingCheck
FNDA:0,Pairing.pairingCheck
DA:104,0
BRDA:104,5,0,-
BRDA:104,5,1,-
DA:105,0
DA:106,0
DA:107,0
DA:108,0
DA:109,0
DA:110,0
DA:111,0
DA:112,0
DA:113,0
DA:114,0
DA:116,0
DA:117,0
DA:120,0
DA:129,0
BRDA:129,6,0,-
BRDA:129,6,1,-
FNF:6
FNH:0
LF:37
LH:0
BRF:14
BRH:0
end_of_record
TN:
SF:packages/contracts/contracts/test/utils/ParseUtils.sol
FN:6,ParseUtils.fromHexChar
FNDA:0,ParseUtils.fromHexChar
DA:7,0
BRDA:7,0,0,-
BRDA:7,0,1,-
DA:8,0
DA:10,0
BRDA:10,1,0,-
BRDA:10,1,1,-
DA:11,0
DA:13,0
BRDA:13,2,0,-
BRDA:13,2,1,-
DA:14,0
DA:16,0
FN:20,ParseUtils.hexToBytes
FNDA:0,ParseUtils.hexToBytes
DA:21,0
DA:22,0
BRDA:22,3,0,-
BRDA:22,3,1,-
DA:23,0
DA:24,0
DA:25,0
DA:31,0
FN:34,ParseUtils.rsvToSignatureBytes
FNDA:0,ParseUtils.rsvToSignatureBytes
DA:39,0
DA:44,0
DA:46,0
FN:50,ParseUtils.parseInt
FNDA:0,ParseUtils.parseInt
DA:51,0
DA:52,0
DA:53,0
DA:54,0
DA:55,0
BRDA:55,4,0,-
BRDA:55,4,1,-
DA:56,0
DA:59,0
FN:62,ParseUtils.hasSubstring
FNDA:0,ParseUtils.hasSubstring
DA:66,0
DA:67,0
DA:69,0
BRDA:69,5,0,-
BRDA:69,5,1,-
DA:70,0
DA:73,0
DA:74,0
DA:75,0
DA:76,0
BRDA:76,6,0,-
BRDA:76,6,1,-
DA:77,0
DA:78,0
DA:81,0
BRDA:81,7,0,-
BRDA:81,7,1,-
DA:82,0
DA:86,0
FN:89,ParseUtils.toHexString
FNDA:0,ParseUtils.toHexString
DA:90,0
FN:93,ParseUtils.toHexString
FNDA:0,ParseUtils.toHexString
DA:94,0
FN:97,ParseUtils.toHexString
FNDA:0,ParseUtils.toHexString
DA:98,0
FN:101,ParseUtils.toHexString
FNDA:0,ParseUtils.toHexString
DA:104,0
DA:106,0
DA:107,0
DA:108,0
DA:109,0
DA:110,0
DA:111,0
DA:113,0
FN:116,ParseUtils.uintToString
FNDA:0,ParseUtils.uintToString
DA:119,0
BRDA:119,8,0,-
BRDA:119,8,1,-
DA:120,0
DA:122,0
DA:123,0
DA:124,0
DA:125,0
DA:126,0
DA:128,0
DA:129,0
DA:130,0
DA:131,0
DA:132,0
DA:133,0
DA:135,0
FNF:10
FNH:0
LF:61
LH:0
BRF:18
BRH:0
end_of_record
TN:
SF:packages/contracts/contracts/test/utils/PoseidonDeployer.sol
FN:15,PoseidonDeployer.deployPoseidon3Through6
FNDA:0,PoseidonDeployer.deployPoseidon3Through6
DA:16,0
DA:17,0
DA:19,0
DA:20,0
DA:24,0
DA:25,0
DA:27,0
DA:28,0
DA:30,0
DA:32,0
DA:34,0
DA:37,0
DA:38,0
DA:39,0
DA:40,0
FNF:1
FNH:0
LF:15
LH:0
BRF:0
BRH:0
end_of_record
TN:
SF:packages/contracts/contracts/test/utils/PoseidonHashers.sol
FN:42,PoseidonHasherT5.hash
FNDA:0,PoseidonHasherT5.hash
DA:45,0
FN:56,PoseidonHasherT6.hash
FNDA:45,PoseidonHasherT6.hash
DA:59,45
FN:28,PoseidonHasherT4.hash
FNDA:0,PoseidonHasherT4.hash
DA:31,0
FN:14,PoseidonHasherT3.hash
FNDA:951,PoseidonHasherT3.hash
DA:17,951
FN:70,PoseidonHasherT7.hash
FNDA:0,PoseidonHasherT7.hash
DA:73,0
FNF:5
FNH:2
LF:5
LH:2
BRF:0
BRH:0
end_of_record
TN:
SF:packages/contracts/contracts/test/utils/ReentrantCaller.sol
FN:28,ReentrantCaller.formatOperation
FNDA:1,ReentrantCaller.formatOperation
DA:29,1
FN:52,ReentrantCaller.reentrantProcessBundle
FNDA:1,ReentrantCaller.reentrantProcessBundle
DA:54,1
DA:55,1
DA:56,1
FN:59,ReentrantCaller.reentrantHandleOperation
FNDA:0,ReentrantCaller.reentrantHandleOperation
DA:60,0
DA:61,0
FN:64,ReentrantCaller.reentrantExecuteActions
FNDA:0,ReentrantCaller.reentrantExecuteActions
DA:65,0
DA:66,0
FNF:4
FNH:2
LF:8
LH:4
BRF:0
BRH:0
end_of_record
TN:
SF:packages/contracts/contracts/test/utils/TokenSwapper.sol
FN:26,TokenSwapper.swap
FNDA:2,TokenSwapper.swap
DA:27,2
DA:33,1
BRDA:33,0,0,-
BRDA:33,0,1,1
DA:34,1
DA:38,1
DA:43,1
BRDA:43,1,0,-
BRDA:43,1,1,1
DA:44,1
DA:48,1
DA:54,1
BRDA:54,2,0,-
BRDA:54,2,1,1
DA:55,1
DA:60,1
FN:70,TokenSwapper.supportsInterface
FNDA:0,TokenSwapper.supportsInterface
DA:73,0
FN:78,TokenSwapper.onERC721Received
FNDA:1,TokenSwapper.onERC721Received
DA:84,1
FN:87,TokenSwapper.onERC1155Received
FNDA:1,TokenSwapper.onERC1155Received
DA:94,1
FN:97,TokenSwapper.onERC1155BatchReceived
FNDA:0,TokenSwapper.onERC1155BatchReceived
DA:104,0
FNF:5
FNH:3
LF:14
LH:12
BRF:6
BRH:3
end_of_record
TN:
SF:packages/contracts/contracts/test/utils/TreeTest.sol
FN:18,TreeTestLib.initialize
FNDA:0,TreeTestLib.initialize
DA:24,0
DA:25,0
DA:26,0
FN:29,TreeTestLib.computeSubtreeRoot
FNDA:0,TreeTestLib.computeSubtreeRoot
DA:33,0
BRDA:33,0,0,-
BRDA:33,0,1,-
DA:34,0
DA:35,0
DA:36,0
DA:40,0
DA:41,0
DA:42,0
DA:44,0
DA:45,0
DA:46,0
DA:47,0
DA:48,0
DA:49,0
DA:53,0
FN:58,TreeTestLib.computeInitialPaths
FNDA:0,TreeTestLib.computeInitialPaths
DA:62,0
DA:63,0
DA:65,0
DA:66,0
DA:69,0
DA:72,0
DA:76,0
DA:78,0
DA:79,0
DA:80,0
DA:82,0
DA:85,0
DA:88,0
FN:94,TreeTestLib.computeNewPaths
FNDA:0,TreeTestLib.computeNewPaths
DA:100,0
DA:101,0
DA:102,0
DA:104,0
DA:105,0
DA:108,0
DA:109,0
DA:111,0
DA:113,0
DA:114,0
DA:115,0
DA:117,0
BRDA:117,1,0,-
BRDA:117,1,1,-
DA:119,0
DA:122,0
BRDA:122,2,0,-
BRDA:122,2,1,-
DA:124,0
DA:127,0
BRDA:127,3,0,-
BRDA:127,3,1,-
DA:129,0
DA:139,0
DA:149,0
DA:150,0
DA:153,0
FN:156,TreeTestLib.computeNoteCommitment
FNDA:0,TreeTestLib.computeNoteCommitment
DA:160,0
DA:161,0
FNF:5
FNH:0
LF:53
LH:0
BRF:8
BRH:0
end_of_record
